/net/www/tdesbarat001/ProjetTech20182019/index.php(133)On transforme le POST en GET.
/net/www/tdesbarat001/ProjetTech20182019/index.php(24) | On rentre dans le GET.
/net/www/tdesbarat001/ProjetTech20182019/index.php(26) | SESSION[POST] existe.
/net/www/tdesbarat001/ProjetTech20182019/index.php(49)
/net/www/tdesbarat001/ProjetTech20182019/index.php(129) | Actualisation du time() pour éviter la session expiré.
/net/www/tdesbarat001/ProjetTech20182019/index.php(139)
------
/net/www/tdesbarat001/ProjetTech20182019/index.php(133)On transforme le POST en GET.
/net/www/tdesbarat001/ProjetTech20182019/index.php(24) | On rentre dans le GET.
/net/www/tdesbarat001/ProjetTech20182019/index.php(26) | SESSION[POST] existe.
/net/www/tdesbarat001/ProjetTech20182019/index.php(74)
/net/www/tdesbarat001/ProjetTech20182019/index.php(129) | Actualisation du time() pour éviter la session expiré.
/net/www/tdesbarat001/ProjetTech20182019/index.php(139)
-----
/net/www/tdesbarat001/ProjetTech20182019/index.php(24) | On rentre dans le GET.
/net/www/tdesbarat001/ProjetTech20182019/index.php(110) | Already Logged.
/net/www/tdesbarat001/ProjetTech20182019/index.php(129) | Actualisation du time() pour éviter la session expiré.
/net/www/tdesbarat001/ProjetTech20182019/index.php(139)
------
/net/www/tdesbarat001/ProjetTech20182019/index.php(24) | On rentre dans le GET.
/net/www/tdesbarat001/ProjetTech20182019/index.php(101) | Already Logged.
/net/www/tdesbarat001/ProjetTech20182019/index.php(120) | Actualisation du time() pour éviter la session expiré.
/net/www/tdesbarat001/ProjetTech20182019/index.php(140)
/net/www/tdesbarat001/ProjetTech20182019/index.php(124)On transforme le POST en GET.
/net/www/tdesbarat001/ProjetTech20182019/index.php(24) | On rentre dans le GET.
/net/www/tdesbarat001/ProjetTech20182019/index.php(26) | SESSION[POST] existe.
/net/www/tdesbarat001/ProjetTech20182019/index.php(74)
/net/www/tdesbarat001/ProjetTech20182019/index.php(120) | Actualisation du time() pour éviter la session expiré.
/net/www/tdesbarat001/ProjetTech20182019/index.php(140)
/net/www/tdesbarat001/ProjetTech20182019/index.php(124)On transforme le POST en GET.
/net/www/tdesbarat001/ProjetTech20182019/index.php(24) | On rentre dans le GET.
/net/www/tdesbarat001/ProjetTech20182019/index.php(26) | SESSION[POST] existe.
/net/www/tdesbarat001/ProjetTech20182019/index.php(74)
/net/www/tdesbarat001/ProjetTech20182019/index.php(120) | Actualisation du time() pour éviter la session expiré.
/net/www/tdesbarat001/ProjetTech20182019/index.php(140)
/net/www/tdesbarat001/ProjetTech20182019/index.php(24) | On rentre dans le GET.
/net/www/tdesbarat001/ProjetTech20182019/index.php(101) | Already Logged.
/net/www/tdesbarat001/ProjetTech20182019/index.php(117) | Session expiré.
/net/www/tdesbarat001/ProjetTech20182019/index.php(140)
/net/www/tdesbarat001/ProjetTech20182019/index.php(124)On transforme le POST en GET.
/net/www/tdesbarat001/ProjetTech20182019/index.php(24) | On rentre dans le GET.
/net/www/tdesbarat001/ProjetTech20182019/index.php(26) | SESSION[POST] existe.
/net/www/tdesbarat001/ProjetTech20182019/index.php(59)
/net/www/tdesbarat001/ProjetTech20182019/index.php(140)
/net/www/tdesbarat001/ProjetTech20182019/index.php(124)On transforme le POST en GET.
/net/www/tdesbarat001/ProjetTech20182019/index.php(24) | On rentre dans le GET.
/net/www/tdesbarat001/ProjetTech20182019/index.php(26) | SESSION[POST] existe.
/net/www/tdesbarat001/ProjetTech20182019/index.php(84)
/net/www/tdesbarat001/ProjetTech20182019/index.php(120) | Actualisation du time() pour éviter la session expiré.
/net/www/tdesbarat001/ProjetTech20182019/index.php(140)
/net/www/tdesbarat001/ProjetTech20182019/index.php(124)On transforme le POST en GET.
/net/www/tdesbarat001/ProjetTech20182019/index.php(24) | On rentre dans le GET.
/net/www/tdesbarat001/ProjetTech20182019/index.php(26) | SESSION[POST] existe.
/net/www/tdesbarat001/ProjetTech20182019/index.php(89)
/net/www/tdesbarat001/ProjetTech20182019/index.php(120) | Actualisation du time() pour éviter la session expiré.
/net/www/tdesbarat001/ProjetTech20182019/index.php(140)
/net/www/tdesbarat001/ProjetTech20182019/index.php(124)On transforme le POST en GET.
/net/www/tdesbarat001/ProjetTech20182019/index.php(24) | On rentre dans le GET.
/net/www/tdesbarat001/ProjetTech20182019/index.php(26) | SESSION[POST] existe.
/net/www/tdesbarat001/ProjetTech20182019/index.php(84)
/net/www/tdesbarat001/ProjetTech20182019/index.php(120) | Actualisation du time() pour éviter la session expiré.
/net/www/tdesbarat001/ProjetTech20182019/index.php(140)
/net/www/tdesbarat001/ProjetTech20182019/index.php(124)On transforme le POST en GET.
/net/www/tdesbarat001/ProjetTech20182019/index.php(24) | On rentre dans le GET.
/net/www/tdesbarat001/ProjetTech20182019/index.php(26) | SESSION[POST] existe.
/net/www/tdesbarat001/ProjetTech20182019/index.php(79)
/net/www/tdesbarat001/ProjetTech20182019/index.php(120) | Actualisation du time() pour éviter la session expiré.
/net/www/tdesbarat001/ProjetTech20182019/index.php(140)
/net/www/tdesbarat001/ProjetTech20182019/index.php(124)On transforme le POST en GET.
/net/www/tdesbarat001/ProjetTech20182019/index.php(24) | On rentre dans le GET.
/net/www/tdesbarat001/ProjetTech20182019/index.php(26) | SESSION[POST] existe.
/net/www/tdesbarat001/ProjetTech20182019/index.php(84)
/net/www/tdesbarat001/ProjetTech20182019/index.php(120) | Actualisation du time() pour éviter la session expiré.
/net/www/tdesbarat001/ProjetTech20182019/index.php(140)
/net/www/tdesbarat001/ProjetTech20182019/index.php(124)On transforme le POST en GET.
/net/www/tdesbarat001/ProjetTech20182019/index.php(24) | On rentre dans le GET.
/net/www/tdesbarat001/ProjetTech20182019/index.php(26) | SESSION[POST] existe.
/net/www/tdesbarat001/ProjetTech20182019/index.php(79)
/net/www/tdesbarat001/ProjetTech20182019/index.php(120) | Actualisation du time() pour éviter la session expiré.
/net/www/tdesbarat001/ProjetTech20182019/index.php(140)
/net/www/tdesbarat001/ProjetTech20182019/index.php(24) | On rentre dans le GET.
/net/www/tdesbarat001/ProjetTech20182019/index.php(101) | Already Logged.
/net/www/tdesbarat001/ProjetTech20182019/index.php(120) | Actualisation du time() pour éviter la session expiré.
/net/www/tdesbarat001/ProjetTech20182019/index.php(140)
/net/www/tdesbarat001/ProjetTech20182019/index.php(124)On transforme le POST en GET.
/net/www/tdesbarat001/ProjetTech20182019/index.php(24) | On rentre dans le GET.
/net/www/tdesbarat001/ProjetTech20182019/index.php(26) | SESSION[POST] existe.
/net/www/tdesbarat001/ProjetTech20182019/index.php(84)
/net/www/tdesbarat001/ProjetTech20182019/index.php(120) | Actualisation du time() pour éviter la session expiré.
/net/www/tdesbarat001/ProjetTech20182019/index.php(140)
/net/www/tdesbarat001/ProjetTech20182019/index.php(124)On transforme le POST en GET.
/net/www/tdesbarat001/ProjetTech20182019/index.php(24) | On rentre dans le GET.
/net/www/tdesbarat001/ProjetTech20182019/index.php(26) | SESSION[POST] existe.
/net/www/tdesbarat001/ProjetTech20182019/index.php(79)
/net/www/tdesbarat001/ProjetTech20182019/index.php(120) | Actualisation du time() pour éviter la session expiré.
/net/www/tdesbarat001/ProjetTech20182019/index.php(140)
/net/www/tdesbarat001/ProjetTech20182019/index.php(124)On transforme le POST en GET.
/net/www/tdesbarat001/ProjetTech20182019/index.php(24) | On rentre dans le GET.
/net/www/tdesbarat001/ProjetTech20182019/index.php(26) | SESSION[POST] existe.
/net/www/tdesbarat001/ProjetTech20182019/index.php(84)
/net/www/tdesbarat001/ProjetTech20182019/index.php(120) | Actualisation du time() pour éviter la session expiré.
/net/www/tdesbarat001/ProjetTech20182019/index.php(140)
/net/www/tdesbarat001/ProjetTech20182019/index.php(124)On transforme le POST en GET.
/net/www/tdesbarat001/ProjetTech20182019/index.php(24) | On rentre dans le GET.
/net/www/tdesbarat001/ProjetTech20182019/index.php(26) | SESSION[POST] existe.
/net/www/tdesbarat001/ProjetTech20182019/index.php(79)
/net/www/tdesbarat001/ProjetTech20182019/index.php(120) | Actualisation du time() pour éviter la session expiré.
/net/www/tdesbarat001/ProjetTech20182019/index.php(140)
/net/www/tdesbarat001/ProjetTech20182019/index.php(124)On transforme le POST en GET.
/net/www/tdesbarat001/ProjetTech20182019/index.php(24) | On rentre dans le GET.
/net/www/tdesbarat001/ProjetTech20182019/index.php(26) | SESSION[POST] existe.
/net/www/tdesbarat001/ProjetTech20182019/index.php(79)
/net/www/tdesbarat001/ProjetTech20182019/index.php(120) | Actualisation du time() pour éviter la session expiré.
/net/www/tdesbarat001/ProjetTech20182019/index.php(140)
/net/www/tdesbarat001/ProjetTech20182019/index.php(124)On transforme le POST en GET.
/net/www/tdesbarat001/ProjetTech20182019/index.php(24) | On rentre dans le GET.
/net/www/tdesbarat001/ProjetTech20182019/index.php(26) | SESSION[POST] existe.
/net/www/tdesbarat001/ProjetTech20182019/index.php(79)
/net/www/tdesbarat001/ProjetTech20182019/index.php(120) | Actualisation du time() pour éviter la session expiré.
/net/www/tdesbarat001/ProjetTech20182019/index.php(140)
/net/www/tdesbarat001/ProjetTech20182019/index.php(124)On transforme le POST en GET.
/net/www/tdesbarat001/ProjetTech20182019/index.php(24) | On rentre dans le GET.
/net/www/tdesbarat001/ProjetTech20182019/index.php(26) | SESSION[POST] existe.
/net/www/tdesbarat001/ProjetTech20182019/index.php(79)
/net/www/tdesbarat001/ProjetTech20182019/index.php(120) | Actualisation du time() pour éviter la session expiré.
/net/www/tdesbarat001/ProjetTech20182019/index.php(140)
/net/www/tdesbarat001/ProjetTech20182019/index.php(124)On transforme le POST en GET.
/net/www/tdesbarat001/ProjetTech20182019/index.php(24) | On rentre dans le GET.
/net/www/tdesbarat001/ProjetTech20182019/index.php(26) | SESSION[POST] existe.
/net/www/tdesbarat001/ProjetTech20182019/index.php(79)
/net/www/tdesbarat001/ProjetTech20182019/index.php(120) | Actualisation du time() pour éviter la session expiré.
/net/www/tdesbarat001/ProjetTech20182019/index.php(140)
/net/www/tdesbarat001/ProjetTech20182019/index.php(124)On transforme le POST en GET.
/net/www/tdesbarat001/ProjetTech20182019/index.php(24) | On rentre dans le GET.
/net/www/tdesbarat001/ProjetTech20182019/index.php(26) | SESSION[POST] existe.
/net/www/tdesbarat001/ProjetTech20182019/index.php(79)
/net/www/tdesbarat001/ProjetTech20182019/index.php(120) | Actualisation du time() pour éviter la session expiré.
/net/www/tdesbarat001/ProjetTech20182019/index.php(140)
/net/www/tdesbarat001/ProjetTech20182019/index.php(124)On transforme le POST en GET.
/net/www/tdesbarat001/ProjetTech20182019/index.php(24) | On rentre dans le GET.
/net/www/tdesbarat001/ProjetTech20182019/index.php(26) | SESSION[POST] existe.
/net/www/tdesbarat001/ProjetTech20182019/index.php(84)
/net/www/tdesbarat001/ProjetTech20182019/index.php(120) | Actualisation du time() pour éviter la session expiré.
/net/www/tdesbarat001/ProjetTech20182019/index.php(140)
/net/www/tdesbarat001/ProjetTech20182019/index.php(124)On transforme le POST en GET.
/net/www/tdesbarat001/ProjetTech20182019/index.php(24) | On rentre dans le GET.
/net/www/tdesbarat001/ProjetTech20182019/index.php(26) | SESSION[POST] existe.
/net/www/tdesbarat001/ProjetTech20182019/index.php(79)
/net/www/tdesbarat001/ProjetTech20182019/index.php(120) | Actualisation du time() pour éviter la session expiré.
/net/www/tdesbarat001/ProjetTech20182019/index.php(140)
/net/www/tdesbarat001/ProjetTech20182019/index.php(124)On transforme le POST en GET.
/net/www/tdesbarat001/ProjetTech20182019/index.php(24) | On rentre dans le GET.
/net/www/tdesbarat001/ProjetTech20182019/index.php(26) | SESSION[POST] existe.
/net/www/tdesbarat001/ProjetTech20182019/index.php(84)
/net/www/tdesbarat001/ProjetTech20182019/index.php(120) | Actualisation du time() pour éviter la session expiré.
/net/www/tdesbarat001/ProjetTech20182019/index.php(140)
/net/www/tdesbarat001/ProjetTech20182019/index.php(124)On transforme le POST en GET.
/net/www/tdesbarat001/ProjetTech20182019/index.php(24) | On rentre dans le GET.
/net/www/tdesbarat001/ProjetTech20182019/index.php(26) | SESSION[POST] existe.
/net/www/tdesbarat001/ProjetTech20182019/index.php(79)
/net/www/tdesbarat001/ProjetTech20182019/index.php(120) | Actualisation du time() pour éviter la session expiré.
/net/www/tdesbarat001/ProjetTech20182019/index.php(140)
/net/www/tdesbarat001/ProjetTech20182019/index.php(124)On transforme le POST en GET.
/net/www/tdesbarat001/ProjetTech20182019/index.php(24) | On rentre dans le GET.
/net/www/tdesbarat001/ProjetTech20182019/index.php(26) | SESSION[POST] existe.
/net/www/tdesbarat001/ProjetTech20182019/index.php(84)
/net/www/tdesbarat001/ProjetTech20182019/index.php(120) | Actualisation du time() pour éviter la session expiré.
/net/www/tdesbarat001/ProjetTech20182019/index.php(140)
/net/www/tdesbarat001/ProjetTech20182019/index.php(124)On transforme le POST en GET.
/net/www/tdesbarat001/ProjetTech20182019/index.php(24) | On rentre dans le GET.
/net/www/tdesbarat001/ProjetTech20182019/index.php(26) | SESSION[POST] existe.
/net/www/tdesbarat001/ProjetTech20182019/index.php(84)
/net/www/tdesbarat001/ProjetTech20182019/index.php(120) | Actualisation du time() pour éviter la session expiré.
/net/www/tdesbarat001/ProjetTech20182019/index.php(140)
/net/www/tdesbarat001/ProjetTech20182019/index.php(124)On transforme le POST en GET.
/net/www/tdesbarat001/ProjetTech20182019/index.php(24) | On rentre dans le GET.
/net/www/tdesbarat001/ProjetTech20182019/index.php(26) | SESSION[POST] existe.
/net/www/tdesbarat001/ProjetTech20182019/index.php(84)
/net/www/tdesbarat001/ProjetTech20182019/index.php(120) | Actualisation du time() pour éviter la session expiré.
/net/www/tdesbarat001/ProjetTech20182019/index.php(140)
/net/www/tdesbarat001/ProjetTech20182019/index.php(124)On transforme le POST en GET.
/net/www/tdesbarat001/ProjetTech20182019/index.php(24) | On rentre dans le GET.
/net/www/tdesbarat001/ProjetTech20182019/index.php(26) | SESSION[POST] existe.
/net/www/tdesbarat001/ProjetTech20182019/index.php(84)
/net/www/tdesbarat001/ProjetTech20182019/index.php(120) | Actualisation du time() pour éviter la session expiré.
/net/www/tdesbarat001/ProjetTech20182019/index.php(140)
/net/www/tdesbarat001/ProjetTech20182019/index.php(124)On transforme le POST en GET.
/net/www/tdesbarat001/ProjetTech20182019/index.php(24) | On rentre dans le GET.
/net/www/tdesbarat001/ProjetTech20182019/index.php(26) | SESSION[POST] existe.
/net/www/tdesbarat001/ProjetTech20182019/index.php(79)
/net/www/tdesbarat001/ProjetTech20182019/index.php(120) | Actualisation du time() pour éviter la session expiré.
/net/www/tdesbarat001/ProjetTech20182019/index.php(140)
/net/www/tdesbarat001/ProjetTech20182019/index.php(124)On transforme le POST en GET.
/net/www/tdesbarat001/ProjetTech20182019/index.php(24) | On rentre dans le GET.
/net/www/tdesbarat001/ProjetTech20182019/index.php(26) | SESSION[POST] existe.
/net/www/tdesbarat001/ProjetTech20182019/index.php(84)
/net/www/tdesbarat001/ProjetTech20182019/index.php(120) | Actualisation du time() pour éviter la session expiré.
/net/www/tdesbarat001/ProjetTech20182019/index.php(140)
/net/www/tdesbarat001/ProjetTech20182019/index.php(124)On transforme le POST en GET.
/net/www/tdesbarat001/ProjetTech20182019/index.php(24) | On rentre dans le GET.
/net/www/tdesbarat001/ProjetTech20182019/index.php(26) | SESSION[POST] existe.
/net/www/tdesbarat001/ProjetTech20182019/index.php(79)
/net/www/tdesbarat001/ProjetTech20182019/index.php(120) | Actualisation du time() pour éviter la session expiré.
/net/www/tdesbarat001/ProjetTech20182019/index.php(140)
/net/www/tdesbarat001/ProjetTech20182019/index.php(124)On transforme le POST en GET.
/net/www/tdesbarat001/ProjetTech20182019/index.php(24) | On rentre dans le GET.
/net/www/tdesbarat001/ProjetTech20182019/index.php(26) | SESSION[POST] existe.
/net/www/tdesbarat001/ProjetTech20182019/index.php(84)
/net/www/tdesbarat001/ProjetTech20182019/index.php(120) | Actualisation du time() pour éviter la session expiré.
/net/www/tdesbarat001/ProjetTech20182019/index.php(140)
/net/www/tdesbarat001/ProjetTech20182019/index.php(124)On transforme le POST en GET.
/net/www/tdesbarat001/ProjetTech20182019/index.php(24) | On rentre dans le GET.
/net/www/tdesbarat001/ProjetTech20182019/index.php(26) | SESSION[POST] existe.
/net/www/tdesbarat001/ProjetTech20182019/index.php(84)
/net/www/tdesbarat001/ProjetTech20182019/index.php(120) | Actualisation du time() pour éviter la session expiré.
/net/www/tdesbarat001/ProjetTech20182019/index.php(140)
/net/www/tdesbarat001/ProjetTech20182019/index.php(24) | On rentre dans le GET.
/net/www/tdesbarat001/ProjetTech20182019/index.php(105) | Non connecté, retour à l'accueil.
/net/www/tdesbarat001/ProjetTech20182019/index.php(140)
/net/www/tdesbarat001/ProjetTech20182019/index.php(24) | On rentre dans le GET.
/net/www/tdesbarat001/ProjetTech20182019/index.php(101) | Already Logged.
/net/www/tdesbarat001/ProjetTech20182019/index.php(120) | Actualisation du time() pour éviter la session expiré.
/net/www/tdesbarat001/ProjetTech20182019/index.php(140)
/net/www/tdesbarat001/ProjetTech20182019/index.php(124)On transforme le POST en GET.
/net/www/tdesbarat001/ProjetTech20182019/index.php(24) | On rentre dans le GET.
/net/www/tdesbarat001/ProjetTech20182019/index.php(26) | SESSION[POST] existe.
/net/www/tdesbarat001/ProjetTech20182019/index.php(84)
/net/www/tdesbarat001/ProjetTech20182019/index.php(120) | Actualisation du time() pour éviter la session expiré.
/net/www/tdesbarat001/ProjetTech20182019/index.php(140)
/net/www/tdesbarat001/ProjetTech20182019/index.php(124)On transforme le POST en GET.
/net/www/tdesbarat001/ProjetTech20182019/index.php(24) | On rentre dans le GET.
/net/www/tdesbarat001/ProjetTech20182019/index.php(26) | SESSION[POST] existe.
/net/www/tdesbarat001/ProjetTech20182019/index.php(79)
/net/www/tdesbarat001/ProjetTech20182019/index.php(120) | Actualisation du time() pour éviter la session expiré.
/net/www/tdesbarat001/ProjetTech20182019/index.php(140)
/net/www/tdesbarat001/ProjetTech20182019/index.php(124)On transforme le POST en GET.
/net/www/tdesbarat001/ProjetTech20182019/index.php(24) | On rentre dans le GET.
/net/www/tdesbarat001/ProjetTech20182019/index.php(26) | SESSION[POST] existe.
/net/www/tdesbarat001/ProjetTech20182019/index.php(89)
/net/www/tdesbarat001/ProjetTech20182019/index.php(120) | Actualisation du time() pour éviter la session expiré.
/net/www/tdesbarat001/ProjetTech20182019/index.php(140)
/net/www/tdesbarat001/ProjetTech20182019/index.php(124)On transforme le POST en GET.
/net/www/tdesbarat001/ProjetTech20182019/index.php(24) | On rentre dans le GET.
/net/www/tdesbarat001/ProjetTech20182019/index.php(26) | SESSION[POST] existe.
/net/www/tdesbarat001/ProjetTech20182019/index.php(79)
/net/www/tdesbarat001/ProjetTech20182019/index.php(120) | Actualisation du time() pour éviter la session expiré.
/net/www/tdesbarat001/ProjetTech20182019/index.php(140)
/net/www/tdesbarat001/ProjetTech20182019/index.php(124)On transforme le POST en GET.
/net/www/tdesbarat001/ProjetTech20182019/index.php(24) | On rentre dans le GET.
/net/www/tdesbarat001/ProjetTech20182019/index.php(26) | SESSION[POST] existe.
/net/www/tdesbarat001/ProjetTech20182019/index.php(84)
/net/www/tdesbarat001/ProjetTech20182019/index.php(120) | Actualisation du time() pour éviter la session expiré.
/net/www/tdesbarat001/ProjetTech20182019/index.php(140)
/net/www/tdesbarat001/ProjetTech20182019/index.php(124)On transforme le POST en GET.
/net/www/tdesbarat001/ProjetTech20182019/index.php(24) | On rentre dans le GET.
/net/www/tdesbarat001/ProjetTech20182019/index.php(26) | SESSION[POST] existe.
/net/www/tdesbarat001/ProjetTech20182019/index.php(89)
/net/www/tdesbarat001/ProjetTech20182019/index.php(120) | Actualisation du time() pour éviter la session expiré.
/net/www/tdesbarat001/ProjetTech20182019/index.php(140)
/net/www/tdesbarat001/ProjetTech20182019/index.php(124)On transforme le POST en GET.
/net/www/tdesbarat001/ProjetTech20182019/index.php(24) | On rentre dans le GET.
/net/www/tdesbarat001/ProjetTech20182019/index.php(26) | SESSION[POST] existe.
/net/www/tdesbarat001/ProjetTech20182019/index.php(79)
/net/www/tdesbarat001/ProjetTech20182019/index.php(120) | Actualisation du time() pour éviter la session expiré.
/net/www/tdesbarat001/ProjetTech20182019/index.php(140)
/net/www/tdesbarat001/ProjetTech20182019/index.php(124)On transforme le POST en GET.
/net/www/tdesbarat001/ProjetTech20182019/index.php(24) | On rentre dans le GET.
/net/www/tdesbarat001/ProjetTech20182019/index.php(26) | SESSION[POST] existe.
/net/www/tdesbarat001/ProjetTech20182019/index.php(84)
/net/www/tdesbarat001/ProjetTech20182019/index.php(120) | Actualisation du time() pour éviter la session expiré.
/net/www/tdesbarat001/ProjetTech20182019/index.php(140)
/net/www/tdesbarat001/ProjetTech20182019/index.php(124)On transforme le POST en GET.
/net/www/tdesbarat001/ProjetTech20182019/index.php(24) | On rentre dans le GET.
/net/www/tdesbarat001/ProjetTech20182019/index.php(26) | SESSION[POST] existe.
/net/www/tdesbarat001/ProjetTech20182019/index.php(89)
/net/www/tdesbarat001/ProjetTech20182019/index.php(120) | Actualisation du time() pour éviter la session expiré.
/net/www/tdesbarat001/ProjetTech20182019/index.php(140)
/net/www/tdesbarat001/ProjetTech20182019/index.php(124)On transforme le POST en GET.
/net/www/tdesbarat001/ProjetTech20182019/index.php(24) | On rentre dans le GET.
/net/www/tdesbarat001/ProjetTech20182019/index.php(26) | SESSION[POST] existe.
/net/www/tdesbarat001/ProjetTech20182019/index.php(79)
/net/www/tdesbarat001/ProjetTech20182019/index.php(120) | Actualisation du time() pour éviter la session expiré.
/net/www/tdesbarat001/ProjetTech20182019/index.php(140)
/net/www/tdesbarat001/ProjetTech20182019/index.php(124)On transforme le POST en GET.
/net/www/tdesbarat001/ProjetTech20182019/index.php(24) | On rentre dans le GET.
/net/www/tdesbarat001/ProjetTech20182019/index.php(26) | SESSION[POST] existe.
/net/www/tdesbarat001/ProjetTech20182019/index.php(84)
/net/www/tdesbarat001/ProjetTech20182019/index.php(120) | Actualisation du time() pour éviter la session expiré.
/net/www/tdesbarat001/ProjetTech20182019/index.php(140)
/net/www/tdesbarat001/ProjetTech20182019/index.php(124)On transforme le POST en GET.
/net/www/tdesbarat001/ProjetTech20182019/index.php(24) | On rentre dans le GET.
/net/www/tdesbarat001/ProjetTech20182019/index.php(26) | SESSION[POST] existe.
/net/www/tdesbarat001/ProjetTech20182019/index.php(89)
/net/www/tdesbarat001/ProjetTech20182019/index.php(120) | Actualisation du time() pour éviter la session expiré.
/net/www/tdesbarat001/ProjetTech20182019/index.php(140)
/net/www/tdesbarat001/ProjetTech20182019/index.php(124)On transforme le POST en GET.
/net/www/tdesbarat001/ProjetTech20182019/index.php(24) | On rentre dans le GET.
/net/www/tdesbarat001/ProjetTech20182019/index.php(26) | SESSION[POST] existe.
/net/www/tdesbarat001/ProjetTech20182019/index.php(54)
/net/www/tdesbarat001/ProjetTech20182019/index.php(120) | Actualisation du time() pour éviter la session expiré.
/net/www/tdesbarat001/ProjetTech20182019/index.php(140)
/net/www/tdesbarat001/ProjetTech20182019/index.php(24) | On rentre dans le GET.
/net/www/tdesbarat001/ProjetTech20182019/index.php(101) | Already Logged.
/net/www/tdesbarat001/ProjetTech20182019/index.php(120) | Actualisation du time() pour éviter la session expiré.
/net/www/tdesbarat001/ProjetTech20182019/index.php(140)
/net/www/tdesbarat001/ProjetTech20182019/index.php(24) | On rentre dans le GET.
/net/www/tdesbarat001/ProjetTech20182019/index.php(101) | Already Logged.
/net/www/tdesbarat001/ProjetTech20182019/index.php(120) | Actualisation du time() pour éviter la session expiré.
/net/www/tdesbarat001/ProjetTech20182019/index.php(140)
/net/www/tdesbarat001/ProjetTech20182019/index.php(124)On transforme le POST en GET.
/net/www/tdesbarat001/ProjetTech20182019/index.php(24) | On rentre dans le GET.
/net/www/tdesbarat001/ProjetTech20182019/index.php(26) | SESSION[POST] existe.
/net/www/tdesbarat001/ProjetTech20182019/index.php(84)
/net/www/tdesbarat001/ProjetTech20182019/index.php(120) | Actualisation du time() pour éviter la session expiré.
/net/www/tdesbarat001/ProjetTech20182019/index.php(140)
/net/www/tdesbarat001/ProjetTech20182019/index.php(124)On transforme le POST en GET.
/net/www/tdesbarat001/ProjetTech20182019/index.php(24) | On rentre dans le GET.
/net/www/tdesbarat001/ProjetTech20182019/index.php(26) | SESSION[POST] existe.
/net/www/tdesbarat001/ProjetTech20182019/index.php(89)
/net/www/tdesbarat001/ProjetTech20182019/index.php(120) | Actualisation du time() pour éviter la session expiré.
/net/www/tdesbarat001/ProjetTech20182019/index.php(140)
/net/www/tdesbarat001/ProjetTech20182019/index.php(124)On transforme le POST en GET.
/net/www/tdesbarat001/ProjetTech20182019/index.php(24) | On rentre dans le GET.
/net/www/tdesbarat001/ProjetTech20182019/index.php(26) | SESSION[POST] existe.
/net/www/tdesbarat001/ProjetTech20182019/index.php(54)
/net/www/tdesbarat001/ProjetTech20182019/index.php(120) | Actualisation du time() pour éviter la session expiré.
/net/www/tdesbarat001/ProjetTech20182019/index.php(140)
/net/www/tdesbarat001/ProjetTech20182019/index.php(124)On transforme le POST en GET.
/net/www/tdesbarat001/ProjetTech20182019/index.php(24) | On rentre dans le GET.
/net/www/tdesbarat001/ProjetTech20182019/index.php(26) | SESSION[POST] existe.
/net/www/tdesbarat001/ProjetTech20182019/index.php(42)
/net/www/tdesbarat001/ProjetTech20182019/index.php(140)
/net/www/tdesbarat001/ProjetTech20182019/index.php(124)On transforme le POST en GET.
/net/www/tdesbarat001/ProjetTech20182019/index.php(24) | On rentre dans le GET.
/net/www/tdesbarat001/ProjetTech20182019/index.php(26) | SESSION[POST] existe.
/net/www/tdesbarat001/ProjetTech20182019/index.php(59)
/net/www/tdesbarat001/ProjetTech20182019/index.php(140)
/net/www/tdesbarat001/ProjetTech20182019/index.php(124)On transforme le POST en GET.
/net/www/tdesbarat001/ProjetTech20182019/index.php(24) | On rentre dans le GET.
/net/www/tdesbarat001/ProjetTech20182019/index.php(26) | SESSION[POST] existe.
/net/www/tdesbarat001/ProjetTech20182019/index.php(54)
/net/www/tdesbarat001/ProjetTech20182019/index.php(120) | Actualisation du time() pour éviter la session expiré.
/net/www/tdesbarat001/ProjetTech20182019/index.php(140)
/net/www/tdesbarat001/ProjetTech20182019/index.php(24) | On rentre dans le GET.
/net/www/tdesbarat001/ProjetTech20182019/index.php(101) | Already Logged.
/net/www/tdesbarat001/ProjetTech20182019/index.php(120) | Actualisation du time() pour éviter la session expiré.
/net/www/tdesbarat001/ProjetTech20182019/index.php(140)
/net/www/tdesbarat001/ProjetTech20182019/index.php(124)On transforme le POST en GET.
/net/www/tdesbarat001/ProjetTech20182019/index.php(24) | On rentre dans le GET.
/net/www/tdesbarat001/ProjetTech20182019/index.php(26) | SESSION[POST] existe.
/net/www/tdesbarat001/ProjetTech20182019/index.php(49)
/net/www/tdesbarat001/ProjetTech20182019/index.php(120) | Actualisation du time() pour éviter la session expiré.
/net/www/tdesbarat001/ProjetTech20182019/index.php(140)
/net/www/tdesbarat001/ProjetTech20182019/index.php(124)On transforme le POST en GET.
/net/www/tdesbarat001/ProjetTech20182019/index.php(24) | On rentre dans le GET.
/net/www/tdesbarat001/ProjetTech20182019/index.php(26) | SESSION[POST] existe.
/net/www/tdesbarat001/ProjetTech20182019/index.php(89)
/net/www/tdesbarat001/ProjetTech20182019/index.php(120) | Actualisation du time() pour éviter la session expiré.
/net/www/tdesbarat001/ProjetTech20182019/index.php(140)
/net/www/tdesbarat001/ProjetTech20182019/index.php(124)On transforme le POST en GET.
/net/www/tdesbarat001/ProjetTech20182019/index.php(24) | On rentre dans le GET.
/net/www/tdesbarat001/ProjetTech20182019/index.php(26) | SESSION[POST] existe.
/net/www/tdesbarat001/ProjetTech20182019/index.php(54)
/net/www/tdesbarat001/ProjetTech20182019/index.php(120) | Actualisation du time() pour éviter la session expiré.
/net/www/tdesbarat001/ProjetTech20182019/index.php(140)
/net/www/tdesbarat001/ProjetTech20182019/index.php(124)On transforme le POST en GET.
/net/www/tdesbarat001/ProjetTech20182019/index.php(24) | On rentre dans le GET.
/net/www/tdesbarat001/ProjetTech20182019/index.php(26) | SESSION[POST] existe.
/net/www/tdesbarat001/ProjetTech20182019/index.php(49)
/net/www/tdesbarat001/ProjetTech20182019/index.php(120) | Actualisation du time() pour éviter la session expiré.
/net/www/tdesbarat001/ProjetTech20182019/index.php(140)
/net/www/tdesbarat001/ProjetTech20182019/index.php(124)On transforme le POST en GET.
/net/www/tdesbarat001/ProjetTech20182019/index.php(24) | On rentre dans le GET.
/net/www/tdesbarat001/ProjetTech20182019/index.php(26) | SESSION[POST] existe.
/net/www/tdesbarat001/ProjetTech20182019/index.php(89)
/net/www/tdesbarat001/ProjetTech20182019/index.php(120) | Actualisation du time() pour éviter la session expiré.
/net/www/tdesbarat001/ProjetTech20182019/index.php(140)
/net/www/tdesbarat001/ProjetTech20182019/index.php(124)On transforme le POST en GET.
/net/www/tdesbarat001/ProjetTech20182019/index.php(24) | On rentre dans le GET.
/net/www/tdesbarat001/ProjetTech20182019/index.php(26) | SESSION[POST] existe.
/net/www/tdesbarat001/ProjetTech20182019/index.php(54)
/net/www/tdesbarat001/ProjetTech20182019/index.php(120) | Actualisation du time() pour éviter la session expiré.
/net/www/tdesbarat001/ProjetTech20182019/index.php(140)
/net/www/tdesbarat001/ProjetTech20182019/index.php(124)On transforme le POST en GET.
/net/www/tdesbarat001/ProjetTech20182019/index.php(24) | On rentre dans le GET.
/net/www/tdesbarat001/ProjetTech20182019/index.php(26) | SESSION[POST] existe.
/net/www/tdesbarat001/ProjetTech20182019/index.php(49)
/net/www/tdesbarat001/ProjetTech20182019/index.php(120) | Actualisation du time() pour éviter la session expiré.
/net/www/tdesbarat001/ProjetTech20182019/index.php(140)
/net/www/tdesbarat001/ProjetTech20182019/index.php(124)On transforme le POST en GET.
/net/www/tdesbarat001/ProjetTech20182019/index.php(24) | On rentre dans le GET.
/net/www/tdesbarat001/ProjetTech20182019/index.php(26) | SESSION[POST] existe.
/net/www/tdesbarat001/ProjetTech20182019/index.php(89)
/net/www/tdesbarat001/ProjetTech20182019/index.php(120) | Actualisation du time() pour éviter la session expiré.
/net/www/tdesbarat001/ProjetTech20182019/index.php(140)
/net/www/tdesbarat001/ProjetTech20182019/index.php(124)On transforme le POST en GET.
/net/www/tdesbarat001/ProjetTech20182019/index.php(24) | On rentre dans le GET.
/net/www/tdesbarat001/ProjetTech20182019/index.php(26) | SESSION[POST] existe.
/net/www/tdesbarat001/ProjetTech20182019/index.php(54)
/net/www/tdesbarat001/ProjetTech20182019/index.php(120) | Actualisation du time() pour éviter la session expiré.
/net/www/tdesbarat001/ProjetTech20182019/index.php(140)
/net/www/tdesbarat001/ProjetTech20182019/index.php(124)On transforme le POST en GET.
/net/www/tdesbarat001/ProjetTech20182019/index.php(24) | On rentre dans le GET.
/net/www/tdesbarat001/ProjetTech20182019/index.php(26) | SESSION[POST] existe.
/net/www/tdesbarat001/ProjetTech20182019/index.php(49)
/net/www/tdesbarat001/ProjetTech20182019/index.php(120) | Actualisation du time() pour éviter la session expiré.
/net/www/tdesbarat001/ProjetTech20182019/index.php(140)
/net/www/tdesbarat001/ProjetTech20182019/index.php(28) | On rentre dans le GET.
/net/www/tdesbarat001/ProjetTech20182019/index.php(105) | Already Logged.
/net/www/tdesbarat001/ProjetTech20182019/index.php(124) | Actualisation du time() pour éviter la session expiré.
/net/www/tdesbarat001/ProjetTech20182019/index.php(148)
/net/www/tdesbarat001/ProjetTech20182019/index.php(28) | On rentre dans le GET.
/net/www/tdesbarat001/ProjetTech20182019/index.php(105) | Already Logged.
/net/www/tdesbarat001/ProjetTech20182019/index.php(124) | Actualisation du time() pour éviter la session expiré.
/net/www/tdesbarat001/ProjetTech20182019/index.php(148)
/net/www/tdesbarat001/ProjetTech20182019/index.php(28) | On rentre dans le GET.
/net/www/tdesbarat001/ProjetTech20182019/index.php(105) | Already Logged.
/net/www/tdesbarat001/ProjetTech20182019/index.php(124) | Actualisation du time() pour éviter la session expiré.
/net/www/tdesbarat001/ProjetTech20182019/index.php(148)
/net/www/tdesbarat001/ProjetTech20182019/index.php(128)On transforme le POST en GET.
/net/www/tdesbarat001/ProjetTech20182019/index.php(28) | On rentre dans le GET.
/net/www/tdesbarat001/ProjetTech20182019/index.php(30) | SESSION[POST] existe.
/net/www/tdesbarat001/ProjetTech20182019/index.php(93)
/net/www/tdesbarat001/ProjetTech20182019/index.php(124) | Actualisation du time() pour éviter la session expiré.
/net/www/tdesbarat001/ProjetTech20182019/index.php(148)
/net/www/tdesbarat001/ProjetTech20182019/index.php(128)On transforme le POST en GET.
/net/www/tdesbarat001/ProjetTech20182019/index.php(28) | On rentre dans le GET.
/net/www/tdesbarat001/ProjetTech20182019/index.php(30) | SESSION[POST] existe.
/net/www/tdesbarat001/ProjetTech20182019/index.php(93)
/net/www/tdesbarat001/ProjetTech20182019/index.php(124) | Actualisation du time() pour éviter la session expiré.
/net/www/tdesbarat001/ProjetTech20182019/index.php(148)
/net/www/tdesbarat001/ProjetTech20182019/index.php(128)On transforme le POST en GET.
/net/www/tdesbarat001/ProjetTech20182019/index.php(28) | On rentre dans le GET.
/net/www/tdesbarat001/ProjetTech20182019/index.php(30) | SESSION[POST] existe.
/net/www/tdesbarat001/ProjetTech20182019/index.php(88)
/net/www/tdesbarat001/ProjetTech20182019/index.php(124) | Actualisation du time() pour éviter la session expiré.
/net/www/tdesbarat001/ProjetTech20182019/index.php(148)
/net/www/tdesbarat001/ProjetTech20182019/index.php(128)On transforme le POST en GET.
/net/www/tdesbarat001/ProjetTech20182019/index.php(28) | On rentre dans le GET.
/net/www/tdesbarat001/ProjetTech20182019/index.php(30) | SESSION[POST] existe.
/net/www/tdesbarat001/ProjetTech20182019/index.php(83)
/net/www/tdesbarat001/ProjetTech20182019/index.php(124) | Actualisation du time() pour éviter la session expiré.
/net/www/tdesbarat001/ProjetTech20182019/index.php(148)
/net/www/tdesbarat001/ProjetTech20182019/index.php(128)On transforme le POST en GET.
/net/www/tdesbarat001/ProjetTech20182019/index.php(28) | On rentre dans le GET.
/net/www/tdesbarat001/ProjetTech20182019/index.php(30) | SESSION[POST] existe.
/net/www/tdesbarat001/ProjetTech20182019/index.php(88)
/net/www/tdesbarat001/ProjetTech20182019/index.php(124) | Actualisation du time() pour éviter la session expiré.
/net/www/tdesbarat001/ProjetTech20182019/index.php(148)
/net/www/tdesbarat001/ProjetTech20182019/index.php(128)On transforme le POST en GET.
/net/www/tdesbarat001/ProjetTech20182019/index.php(28) | On rentre dans le GET.
/net/www/tdesbarat001/ProjetTech20182019/index.php(30) | SESSION[POST] existe.
/net/www/tdesbarat001/ProjetTech20182019/index.php(83)
/net/www/tdesbarat001/ProjetTech20182019/index.php(124) | Actualisation du time() pour éviter la session expiré.
/net/www/tdesbarat001/ProjetTech20182019/index.php(148)
/net/www/tdesbarat001/ProjetTech20182019/index.php(128)On transforme le POST en GET.
/net/www/tdesbarat001/ProjetTech20182019/index.php(28) | On rentre dans le GET.
/net/www/tdesbarat001/ProjetTech20182019/index.php(30) | SESSION[POST] existe.
/net/www/tdesbarat001/ProjetTech20182019/index.php(88)
/net/www/tdesbarat001/ProjetTech20182019/index.php(124) | Actualisation du time() pour éviter la session expiré.
/net/www/tdesbarat001/ProjetTech20182019/index.php(148)
/net/www/tdesbarat001/ProjetTech20182019/index.php(128)On transforme le POST en GET.
/net/www/tdesbarat001/ProjetTech20182019/index.php(28) | On rentre dans le GET.
/net/www/tdesbarat001/ProjetTech20182019/index.php(30) | SESSION[POST] existe.
/net/www/tdesbarat001/ProjetTech20182019/index.php(83)
/net/www/tdesbarat001/ProjetTech20182019/index.php(124) | Actualisation du time() pour éviter la session expiré.
/net/www/tdesbarat001/ProjetTech20182019/index.php(148)
/net/www/tdesbarat001/ProjetTech20182019/index.php(28) | On rentre dans le GET.
/net/www/tdesbarat001/ProjetTech20182019/index.php(106) | Already Logged.
/net/www/tdesbarat001/ProjetTech20182019/index.php(125) | Actualisation du time() pour éviter la session expiré.
/net/www/tdesbarat001/ProjetTech20182019/index.php(149)
/net/www/tdesbarat001/ProjetTech20182019/index.php(28) | On rentre dans le GET.
/net/www/tdesbarat001/ProjetTech20182019/index.php(106) | Already Logged.
/net/www/tdesbarat001/ProjetTech20182019/index.php(125) | Actualisation du time() pour éviter la session expiré.
/net/www/tdesbarat001/ProjetTech20182019/index.php(149)
/net/www/tdesbarat001/ProjetTech20182019/index.php(129)On transforme le POST en GET.
/net/www/tdesbarat001/ProjetTech20182019/index.php(28) | On rentre dans le GET.
/net/www/tdesbarat001/ProjetTech20182019/index.php(30) | SESSION[POST] existe.
/net/www/tdesbarat001/ProjetTech20182019/index.php(94)
/net/www/tdesbarat001/ProjetTech20182019/index.php(125) | Actualisation du time() pour éviter la session expiré.
/net/www/tdesbarat001/ProjetTech20182019/index.php(149)
/net/www/tdesbarat001/ProjetTech20182019/index.php(129)On transforme le POST en GET.
/net/www/tdesbarat001/ProjetTech20182019/index.php(28) | On rentre dans le GET.
/net/www/tdesbarat001/ProjetTech20182019/index.php(30) | SESSION[POST] existe.
/net/www/tdesbarat001/ProjetTech20182019/index.php(59)
/net/www/tdesbarat001/ProjetTech20182019/index.php(125) | Actualisation du time() pour éviter la session expiré.
/net/www/tdesbarat001/ProjetTech20182019/index.php(149)
/net/www/tdesbarat001/ProjetTech20182019/index.php(129)On transforme le POST en GET.
/net/www/tdesbarat001/ProjetTech20182019/index.php(28) | On rentre dans le GET.
/net/www/tdesbarat001/ProjetTech20182019/index.php(30) | SESSION[POST] existe.
/net/www/tdesbarat001/ProjetTech20182019/index.php(54)
/net/www/tdesbarat001/ProjetTech20182019/index.php(125) | Actualisation du time() pour éviter la session expiré.
/net/www/tdesbarat001/ProjetTech20182019/index.php(149)
/net/www/tdesbarat001/ProjetTech20182019/index.php(129)On transforme le POST en GET.
/net/www/tdesbarat001/ProjetTech20182019/index.php(28) | On rentre dans le GET.
/net/www/tdesbarat001/ProjetTech20182019/index.php(30) | SESSION[POST] existe.
/net/www/tdesbarat001/ProjetTech20182019/index.php(94)
/net/www/tdesbarat001/ProjetTech20182019/index.php(125) | Actualisation du time() pour éviter la session expiré.
/net/www/tdesbarat001/ProjetTech20182019/index.php(149)
/net/www/tdesbarat001/ProjetTech20182019/index.php(129)On transforme le POST en GET.
/net/www/tdesbarat001/ProjetTech20182019/index.php(28) | On rentre dans le GET.
/net/www/tdesbarat001/ProjetTech20182019/index.php(30) | SESSION[POST] existe.
/net/www/tdesbarat001/ProjetTech20182019/index.php(59)
/net/www/tdesbarat001/ProjetTech20182019/index.php(125) | Actualisation du time() pour éviter la session expiré.
/net/www/tdesbarat001/ProjetTech20182019/index.php(149)
/net/www/tdesbarat001/ProjetTech20182019/index.php(129)On transforme le POST en GET.
/net/www/tdesbarat001/ProjetTech20182019/index.php(28) | On rentre dans le GET.
/net/www/tdesbarat001/ProjetTech20182019/index.php(30) | SESSION[POST] existe.
/net/www/tdesbarat001/ProjetTech20182019/index.php(54)
/net/www/tdesbarat001/ProjetTech20182019/index.php(125) | Actualisation du time() pour éviter la session expiré.
/net/www/tdesbarat001/ProjetTech20182019/index.php(149)
/net/www/tdesbarat001/ProjetTech20182019/index.php(129)On transforme le POST en GET.
/net/www/tdesbarat001/ProjetTech20182019/index.php(28) | On rentre dans le GET.
/net/www/tdesbarat001/ProjetTech20182019/index.php(30) | SESSION[POST] existe.
/net/www/tdesbarat001/ProjetTech20182019/index.php(94)
/net/www/tdesbarat001/ProjetTech20182019/index.php(125) | Actualisation du time() pour éviter la session expiré.
/net/www/tdesbarat001/ProjetTech20182019/index.php(149)
/net/www/tdesbarat001/ProjetTech20182019/index.php(129)On transforme le POST en GET.
/net/www/tdesbarat001/ProjetTech20182019/index.php(28) | On rentre dans le GET.
/net/www/tdesbarat001/ProjetTech20182019/index.php(30) | SESSION[POST] existe.
/net/www/tdesbarat001/ProjetTech20182019/index.php(59)
/net/www/tdesbarat001/ProjetTech20182019/index.php(125) | Actualisation du time() pour éviter la session expiré.
/net/www/tdesbarat001/ProjetTech20182019/index.php(149)
/net/www/tdesbarat001/ProjetTech20182019/index.php(129)On transforme le POST en GET.
/net/www/tdesbarat001/ProjetTech20182019/index.php(28) | On rentre dans le GET.
/net/www/tdesbarat001/ProjetTech20182019/index.php(30) | SESSION[POST] existe.
/net/www/tdesbarat001/ProjetTech20182019/index.php(54)
/net/www/tdesbarat001/ProjetTech20182019/index.php(125) | Actualisation du time() pour éviter la session expiré.
/net/www/tdesbarat001/ProjetTech20182019/index.php(149)
/net/www/tdesbarat001/ProjetTech20182019/index.php(129)On transforme le POST en GET.
/net/www/tdesbarat001/ProjetTech20182019/index.php(28) | On rentre dans le GET.
/net/www/tdesbarat001/ProjetTech20182019/index.php(30) | SESSION[POST] existe.
/net/www/tdesbarat001/ProjetTech20182019/index.php(89)
/net/www/tdesbarat001/ProjetTech20182019/index.php(125) | Actualisation du time() pour éviter la session expiré.
/net/www/tdesbarat001/ProjetTech20182019/index.php(149)
/net/www/tdesbarat001/ProjetTech20182019/index.php(129)On transforme le POST en GET.
/net/www/tdesbarat001/ProjetTech20182019/index.php(28) | On rentre dans le GET.
/net/www/tdesbarat001/ProjetTech20182019/index.php(30) | SESSION[POST] existe.
/net/www/tdesbarat001/ProjetTech20182019/index.php(94)
/net/www/tdesbarat001/ProjetTech20182019/index.php(125) | Actualisation du time() pour éviter la session expiré.
/net/www/tdesbarat001/ProjetTech20182019/index.php(149)
/net/www/tdesbarat001/ProjetTech20182019/index.php(124)On transforme le POST en GET.
/net/www/tdesbarat001/ProjetTech20182019/index.php(23) | On rentre dans le GET.
/net/www/tdesbarat001/ProjetTech20182019/index.php(25) | SESSION[POST] existe.
/net/www/tdesbarat001/ProjetTech20182019/index.php(54)
/net/www/tdesbarat001/ProjetTech20182019/index.php(120) | Actualisation du time() pour éviter la session expiré.
/net/www/tdesbarat001/ProjetTech20182019/index.php(140)
/net/www/tdesbarat001/ProjetTech20182019/index.php(124)On transforme le POST en GET.
/net/www/tdesbarat001/ProjetTech20182019/index.php(23) | On rentre dans le GET.
/net/www/tdesbarat001/ProjetTech20182019/index.php(25) | SESSION[POST] existe.
/net/www/tdesbarat001/ProjetTech20182019/index.php(49)
/net/www/tdesbarat001/ProjetTech20182019/index.php(120) | Actualisation du time() pour éviter la session expiré.
/net/www/tdesbarat001/ProjetTech20182019/index.php(140)
/net/www/tdesbarat001/ProjetTech20182019/index.php(124)On transforme le POST en GET.
/net/www/tdesbarat001/ProjetTech20182019/index.php(23) | On rentre dans le GET.
/net/www/tdesbarat001/ProjetTech20182019/index.php(25) | SESSION[POST] existe.
/net/www/tdesbarat001/ProjetTech20182019/index.php(89)
/net/www/tdesbarat001/ProjetTech20182019/index.php(120) | Actualisation du time() pour éviter la session expiré.
/net/www/tdesbarat001/ProjetTech20182019/index.php(140)
/net/www/tdesbarat001/ProjetTech20182019/index.php(124)On transforme le POST en GET.
/net/www/tdesbarat001/ProjetTech20182019/index.php(23) | On rentre dans le GET.
/net/www/tdesbarat001/ProjetTech20182019/index.php(25) | SESSION[POST] existe.
/net/www/tdesbarat001/ProjetTech20182019/index.php(54)
/net/www/tdesbarat001/ProjetTech20182019/index.php(120) | Actualisation du time() pour éviter la session expiré.
/net/www/tdesbarat001/ProjetTech20182019/index.php(140)
/net/www/tdesbarat001/ProjetTech20182019/index.php(124)On transforme le POST en GET.
/net/www/tdesbarat001/ProjetTech20182019/index.php(23) | On rentre dans le GET.
/net/www/tdesbarat001/ProjetTech20182019/index.php(25) | SESSION[POST] existe.
/net/www/tdesbarat001/ProjetTech20182019/index.php(49)
/net/www/tdesbarat001/ProjetTech20182019/index.php(120) | Actualisation du time() pour éviter la session expiré.
/net/www/tdesbarat001/ProjetTech20182019/index.php(140)
/net/www/tdesbarat001/ProjetTech20182019/index.php(124)On transforme le POST en GET.
/net/www/tdesbarat001/ProjetTech20182019/index.php(23) | On rentre dans le GET.
/net/www/tdesbarat001/ProjetTech20182019/index.php(25) | SESSION[POST] existe.
/net/www/tdesbarat001/ProjetTech20182019/index.php(74)
/net/www/tdesbarat001/ProjetTech20182019/index.php(120) | Actualisation du time() pour éviter la session expiré.
/net/www/tdesbarat001/ProjetTech20182019/index.php(140)
/net/www/tdesbarat001/ProjetTech20182019/index.php(23) | On rentre dans le GET.
/net/www/tdesbarat001/ProjetTech20182019/index.php(105) | Non connecté, retour à l'accueil.
/net/www/tdesbarat001/ProjetTech20182019/index.php(140)
/net/www/tdesbarat001/ProjetTech20182019/index.php(124)On transforme le POST en GET.
/net/www/tdesbarat001/ProjetTech20182019/index.php(23) | On rentre dans le GET.
/net/www/tdesbarat001/ProjetTech20182019/index.php(25) | SESSION[POST] existe.
/net/www/tdesbarat001/ProjetTech20182019/index.php(59)
/net/www/tdesbarat001/ProjetTech20182019/index.php(140)
/net/www/tdesbarat001/ProjetTech20182019/index.php(124)On transforme le POST en GET.
/net/www/tdesbarat001/ProjetTech20182019/index.php(23) | On rentre dans le GET.
/net/www/tdesbarat001/ProjetTech20182019/index.php(25) | SESSION[POST] existe.
/net/www/tdesbarat001/ProjetTech20182019/index.php(54)
/net/www/tdesbarat001/ProjetTech20182019/index.php(120) | Actualisation du time() pour éviter la session expiré.
/net/www/tdesbarat001/ProjetTech20182019/index.php(140)
/net/www/tdesbarat001/ProjetTech20182019/index.php(124)On transforme le POST en GET.
/net/www/tdesbarat001/ProjetTech20182019/index.php(23) | On rentre dans le GET.
/net/www/tdesbarat001/ProjetTech20182019/index.php(25) | SESSION[POST] existe.
/net/www/tdesbarat001/ProjetTech20182019/index.php(49)
/net/www/tdesbarat001/ProjetTech20182019/index.php(120) | Actualisation du time() pour éviter la session expiré.
/net/www/tdesbarat001/ProjetTech20182019/index.php(140)
/net/www/tdesbarat001/ProjetTech20182019/index.php(23) | On rentre dans le GET.
/net/www/tdesbarat001/ProjetTech20182019/index.php(101) | Already Logged.
/net/www/tdesbarat001/ProjetTech20182019/index.php(120) | Actualisation du time() pour éviter la session expiré.
/net/www/tdesbarat001/ProjetTech20182019/index.php(140)
/net/www/tdesbarat001/ProjetTech20182019/index.php(23) | On rentre dans le GET.
/net/www/tdesbarat001/ProjetTech20182019/index.php(115) | Non connecté, retour à l'accueil.
/net/www/tdesbarat001/ProjetTech20182019/index.php(150)
/net/www/tdesbarat001/ProjetTech20182019/index.php(134)On transforme le POST en GET.
/net/www/tdesbarat001/ProjetTech20182019/index.php(23) | On rentre dans le GET.
/net/www/tdesbarat001/ProjetTech20182019/index.php(25) | SESSION[POST] existe.
/net/www/tdesbarat001/ProjetTech20182019/index.php(64)
/net/www/tdesbarat001/ProjetTech20182019/index.php(150)
/net/www/tdesbarat001/ProjetTech20182019/index.php(134)On transforme le POST en GET.
/net/www/tdesbarat001/ProjetTech20182019/index.php(23) | On rentre dans le GET.
/net/www/tdesbarat001/ProjetTech20182019/index.php(25) | SESSION[POST] existe.
/net/www/tdesbarat001/ProjetTech20182019/index.php(99)
/net/www/tdesbarat001/ProjetTech20182019/index.php(130) | Actualisation du time() pour éviter la session expiré.
/net/www/tdesbarat001/ProjetTech20182019/index.php(150)
/net/www/tdesbarat001/ProjetTech20182019/index.php(134)On transforme le POST en GET.
/net/www/tdesbarat001/ProjetTech20182019/index.php(23) | On rentre dans le GET.
/net/www/tdesbarat001/ProjetTech20182019/index.php(25) | SESSION[POST] existe.
/net/www/tdesbarat001/ProjetTech20182019/index.php(89)
/net/www/tdesbarat001/ProjetTech20182019/index.php(130) | Actualisation du time() pour éviter la session expiré.
/net/www/tdesbarat001/ProjetTech20182019/index.php(150)
/net/www/tdesbarat001/ProjetTech20182019/index.php(134)On transforme le POST en GET.
/net/www/tdesbarat001/ProjetTech20182019/index.php(23) | On rentre dans le GET.
/net/www/tdesbarat001/ProjetTech20182019/index.php(25) | SESSION[POST] existe.
/net/www/tdesbarat001/ProjetTech20182019/index.php(94)
/net/www/tdesbarat001/ProjetTech20182019/index.php(130) | Actualisation du time() pour éviter la session expiré.
/net/www/tdesbarat001/ProjetTech20182019/index.php(150)
/net/www/tdesbarat001/ProjetTech20182019/index.php(134)On transforme le POST en GET.
/net/www/tdesbarat001/ProjetTech20182019/index.php(23) | On rentre dans le GET.
/net/www/tdesbarat001/ProjetTech20182019/index.php(25) | SESSION[POST] existe.
/net/www/tdesbarat001/ProjetTech20182019/index.php(89)
/net/www/tdesbarat001/ProjetTech20182019/index.php(130) | Actualisation du time() pour éviter la session expiré.
/net/www/tdesbarat001/ProjetTech20182019/index.php(150)
/net/www/tdesbarat001/ProjetTech20182019/index.php(134)On transforme le POST en GET.
/net/www/tdesbarat001/ProjetTech20182019/index.php(23) | On rentre dans le GET.
/net/www/tdesbarat001/ProjetTech20182019/index.php(25) | SESSION[POST] existe.
/net/www/tdesbarat001/ProjetTech20182019/index.php(99)
/net/www/tdesbarat001/ProjetTech20182019/index.php(130) | Actualisation du time() pour éviter la session expiré.
/net/www/tdesbarat001/ProjetTech20182019/index.php(150)
/net/www/tdesbarat001/ProjetTech20182019/index.php(134)On transforme le POST en GET.
/net/www/tdesbarat001/ProjetTech20182019/index.php(23) | On rentre dans le GET.
/net/www/tdesbarat001/ProjetTech20182019/index.php(25) | SESSION[POST] existe.
/net/www/tdesbarat001/ProjetTech20182019/index.php(99)
/net/www/tdesbarat001/ProjetTech20182019/index.php(130) | Actualisation du time() pour éviter la session expiré.
/net/www/tdesbarat001/ProjetTech20182019/index.php(150)
/net/www/tdesbarat001/ProjetTech20182019/index.php(134)On transforme le POST en GET.
/net/www/tdesbarat001/ProjetTech20182019/index.php(23) | On rentre dans le GET.
/net/www/tdesbarat001/ProjetTech20182019/index.php(25) | SESSION[POST] existe.
/net/www/tdesbarat001/ProjetTech20182019/index.php(54)
/net/www/tdesbarat001/ProjetTech20182019/index.php(130) | Actualisation du time() pour éviter la session expiré.
/net/www/tdesbarat001/ProjetTech20182019/index.php(150)
/net/www/tdesbarat001/ProjetTech20182019/index.php(134)On transforme le POST en GET.
/net/www/tdesbarat001/ProjetTech20182019/index.php(23) | On rentre dans le GET.
/net/www/tdesbarat001/ProjetTech20182019/index.php(25) | SESSION[POST] existe.
/net/www/tdesbarat001/ProjetTech20182019/index.php(54)
/net/www/tdesbarat001/ProjetTech20182019/index.php(130) | Actualisation du time() pour éviter la session expiré.
/net/www/tdesbarat001/ProjetTech20182019/index.php(150)
/net/www/tdesbarat001/ProjetTech20182019/index.php(134)On transforme le POST en GET.
/net/www/tdesbarat001/ProjetTech20182019/index.php(23) | On rentre dans le GET.
/net/www/tdesbarat001/ProjetTech20182019/index.php(25) | SESSION[POST] existe.
/net/www/tdesbarat001/ProjetTech20182019/index.php(54)
/net/www/tdesbarat001/ProjetTech20182019/index.php(130) | Actualisation du time() pour éviter la session expiré.
/net/www/tdesbarat001/ProjetTech20182019/index.php(150)
/net/www/tdesbarat001/ProjetTech20182019/index.php(134)On transforme le POST en GET.
/net/www/tdesbarat001/ProjetTech20182019/index.php(23) | On rentre dans le GET.
/net/www/tdesbarat001/ProjetTech20182019/index.php(25) | SESSION[POST] existe.
/net/www/tdesbarat001/ProjetTech20182019/index.php(59)
/net/www/tdesbarat001/ProjetTech20182019/index.php(130) | Actualisation du time() pour éviter la session expiré.
/net/www/tdesbarat001/ProjetTech20182019/index.php(150)
/net/www/tdesbarat001/ProjetTech20182019/index.php(134)On transforme le POST en GET.
/net/www/tdesbarat001/ProjetTech20182019/index.php(23) | On rentre dans le GET.
/net/www/tdesbarat001/ProjetTech20182019/index.php(25) | SESSION[POST] existe.
/net/www/tdesbarat001/ProjetTech20182019/index.php(54)
/net/www/tdesbarat001/ProjetTech20182019/index.php(130) | Actualisation du time() pour éviter la session expiré.
/net/www/tdesbarat001/ProjetTech20182019/index.php(150)
/net/www/tdesbarat001/ProjetTech20182019/index.php(134)On transforme le POST en GET.
/net/www/tdesbarat001/ProjetTech20182019/index.php(23) | On rentre dans le GET.
/net/www/tdesbarat001/ProjetTech20182019/index.php(25) | SESSION[POST] existe.
/net/www/tdesbarat001/ProjetTech20182019/index.php(59)
/net/www/tdesbarat001/ProjetTech20182019/index.php(130) | Actualisation du time() pour éviter la session expiré.
/net/www/tdesbarat001/ProjetTech20182019/index.php(150)
/net/www/tdesbarat001/ProjetTech20182019/index.php(134)On transforme le POST en GET.
/net/www/tdesbarat001/ProjetTech20182019/index.php(23) | On rentre dans le GET.
/net/www/tdesbarat001/ProjetTech20182019/index.php(25) | SESSION[POST] existe.
/net/www/tdesbarat001/ProjetTech20182019/index.php(99)
/net/www/tdesbarat001/ProjetTech20182019/index.php(130) | Actualisation du time() pour éviter la session expiré.
/net/www/tdesbarat001/ProjetTech20182019/index.php(150)
/net/www/tdesbarat001/ProjetTech20182019/index.php(134)On transforme le POST en GET.
/net/www/tdesbarat001/ProjetTech20182019/index.php(23) | On rentre dans le GET.
/net/www/tdesbarat001/ProjetTech20182019/index.php(25) | SESSION[POST] existe.
/net/www/tdesbarat001/ProjetTech20182019/index.php(89)
/net/www/tdesbarat001/ProjetTech20182019/index.php(130) | Actualisation du time() pour éviter la session expiré.
/net/www/tdesbarat001/ProjetTech20182019/index.php(150)
/net/www/tdesbarat001/ProjetTech20182019/index.php(134)On transforme le POST en GET.
/net/www/tdesbarat001/ProjetTech20182019/index.php(23) | On rentre dans le GET.
/net/www/tdesbarat001/ProjetTech20182019/index.php(25) | SESSION[POST] existe.
/net/www/tdesbarat001/ProjetTech20182019/index.php(94)
/net/www/tdesbarat001/ProjetTech20182019/index.php(130) | Actualisation du time() pour éviter la session expiré.
/net/www/tdesbarat001/ProjetTech20182019/index.php(150)
/net/www/tdesbarat001/ProjetTech20182019/index.php(134)On transforme le POST en GET.
/net/www/tdesbarat001/ProjetTech20182019/index.php(23) | On rentre dans le GET.
/net/www/tdesbarat001/ProjetTech20182019/index.php(25) | SESSION[POST] existe.
/net/www/tdesbarat001/ProjetTech20182019/index.php(42)
/net/www/tdesbarat001/ProjetTech20182019/index.php(150)
/net/www/tdesbarat001/ProjetTech20182019/index.php(134)On transforme le POST en GET.
/net/www/tdesbarat001/ProjetTech20182019/index.php(23) | On rentre dans le GET.
/net/www/tdesbarat001/ProjetTech20182019/index.php(25) | SESSION[POST] existe.
/net/www/tdesbarat001/ProjetTech20182019/index.php(64)
/net/www/tdesbarat001/ProjetTech20182019/index.php(150)
/net/www/tdesbarat001/ProjetTech20182019/index.php(134)On transforme le POST en GET.
/net/www/tdesbarat001/ProjetTech20182019/index.php(23) | On rentre dans le GET.
/net/www/tdesbarat001/ProjetTech20182019/index.php(25) | SESSION[POST] existe.
/net/www/tdesbarat001/ProjetTech20182019/index.php(54)
/net/www/tdesbarat001/ProjetTech20182019/index.php(130) | Actualisation du time() pour éviter la session expiré.
/net/www/tdesbarat001/ProjetTech20182019/index.php(150)
/net/www/tdesbarat001/ProjetTech20182019/index.php(23) | On rentre dans le GET.
/net/www/tdesbarat001/ProjetTech20182019/index.php(111) | Already Logged.
/net/www/tdesbarat001/ProjetTech20182019/index.php(130) | Actualisation du time() pour éviter la session expiré.
/net/www/tdesbarat001/ProjetTech20182019/index.php(150)
/net/www/tdesbarat001/ProjetTech20182019/index.php(134)On transforme le POST en GET.
/net/www/tdesbarat001/ProjetTech20182019/index.php(23) | On rentre dans le GET.
/net/www/tdesbarat001/ProjetTech20182019/index.php(25) | SESSION[POST] existe.
/net/www/tdesbarat001/ProjetTech20182019/index.php(54)
/net/www/tdesbarat001/ProjetTech20182019/index.php(130) | Actualisation du time() pour éviter la session expiré.
/net/www/tdesbarat001/ProjetTech20182019/index.php(150)
/net/www/tdesbarat001/ProjetTech20182019/index.php(134)On transforme le POST en GET.
/net/www/tdesbarat001/ProjetTech20182019/index.php(23) | On rentre dans le GET.
/net/www/tdesbarat001/ProjetTech20182019/index.php(25) | SESSION[POST] existe.
/net/www/tdesbarat001/ProjetTech20182019/index.php(54)
/net/www/tdesbarat001/ProjetTech20182019/index.php(130) | Actualisation du time() pour éviter la session expiré.
/net/www/tdesbarat001/ProjetTech20182019/index.php(150)
/net/www/tdesbarat001/ProjetTech20182019/index.php(134)On transforme le POST en GET.
/net/www/tdesbarat001/ProjetTech20182019/index.php(23) | On rentre dans le GET.
/net/www/tdesbarat001/ProjetTech20182019/index.php(25) | SESSION[POST] existe.
/net/www/tdesbarat001/ProjetTech20182019/index.php(59)
/net/www/tdesbarat001/ProjetTech20182019/index.php(130) | Actualisation du time() pour éviter la session expiré.
/net/www/tdesbarat001/ProjetTech20182019/index.php(150)
/net/www/tdesbarat001/ProjetTech20182019/index.php(134)On transforme le POST en GET.
/net/www/tdesbarat001/ProjetTech20182019/index.php(23) | On rentre dans le GET.
/net/www/tdesbarat001/ProjetTech20182019/index.php(25) | SESSION[POST] existe.
/net/www/tdesbarat001/ProjetTech20182019/index.php(54)
/net/www/tdesbarat001/ProjetTech20182019/index.php(130) | Actualisation du time() pour éviter la session expiré.
/net/www/tdesbarat001/ProjetTech20182019/index.php(150)
/net/www/tdesbarat001/ProjetTech20182019/index.php(134)On transforme le POST en GET.
/net/www/tdesbarat001/ProjetTech20182019/index.php(23) | On rentre dans le GET.
/net/www/tdesbarat001/ProjetTech20182019/index.php(25) | SESSION[POST] existe.
/net/www/tdesbarat001/ProjetTech20182019/index.php(49)
/net/www/tdesbarat001/ProjetTech20182019/index.php(130) | Actualisation du time() pour éviter la session expiré.
/net/www/tdesbarat001/ProjetTech20182019/index.php(150)
/net/www/tdesbarat001/ProjetTech20182019/index.php(134)On transforme le POST en GET.
/net/www/tdesbarat001/ProjetTech20182019/index.php(23) | On rentre dans le GET.
/net/www/tdesbarat001/ProjetTech20182019/index.php(25) | SESSION[POST] existe.
/net/www/tdesbarat001/ProjetTech20182019/index.php(99)
/net/www/tdesbarat001/ProjetTech20182019/index.php(130) | Actualisation du time() pour éviter la session expiré.
/net/www/tdesbarat001/ProjetTech20182019/index.php(150)
/net/www/tdesbarat001/ProjetTech20182019/index.php(134)On transforme le POST en GET.
/net/www/tdesbarat001/ProjetTech20182019/index.php(23) | On rentre dans le GET.
/net/www/tdesbarat001/ProjetTech20182019/index.php(25) | SESSION[POST] existe.
/net/www/tdesbarat001/ProjetTech20182019/index.php(89)
/net/www/tdesbarat001/ProjetTech20182019/index.php(130) | Actualisation du time() pour éviter la session expiré.
/net/www/tdesbarat001/ProjetTech20182019/index.php(150)
/net/www/tdesbarat001/ProjetTech20182019/index.php(134)On transforme le POST en GET.
/net/www/tdesbarat001/ProjetTech20182019/index.php(23) | On rentre dans le GET.
/net/www/tdesbarat001/ProjetTech20182019/index.php(25) | SESSION[POST] existe.
/net/www/tdesbarat001/ProjetTech20182019/index.php(99)
/net/www/tdesbarat001/ProjetTech20182019/index.php(130) | Actualisation du time() pour éviter la session expiré.
/net/www/tdesbarat001/ProjetTech20182019/index.php(150)
/net/www/tdesbarat001/ProjetTech20182019/index.php(134)On transforme le POST en GET.
/net/www/tdesbarat001/ProjetTech20182019/index.php(23) | On rentre dans le GET.
/net/www/tdesbarat001/ProjetTech20182019/index.php(25) | SESSION[POST] existe.
/net/www/tdesbarat001/ProjetTech20182019/index.php(54)
/net/www/tdesbarat001/ProjetTech20182019/index.php(130) | Actualisation du time() pour éviter la session expiré.
/net/www/tdesbarat001/ProjetTech20182019/index.php(150)
/net/www/tdesbarat001/ProjetTech20182019/index.php(134)On transforme le POST en GET.
/net/www/tdesbarat001/ProjetTech20182019/index.php(23) | On rentre dans le GET.
/net/www/tdesbarat001/ProjetTech20182019/index.php(25) | SESSION[POST] existe.
/net/www/tdesbarat001/ProjetTech20182019/index.php(59)
/net/www/tdesbarat001/ProjetTech20182019/index.php(130) | Actualisation du time() pour éviter la session expiré.
/net/www/tdesbarat001/ProjetTech20182019/index.php(150)
/net/www/tdesbarat001/ProjetTech20182019/index.php(134)On transforme le POST en GET.
/net/www/tdesbarat001/ProjetTech20182019/index.php(23) | On rentre dans le GET.
/net/www/tdesbarat001/ProjetTech20182019/index.php(25) | SESSION[POST] existe.
/net/www/tdesbarat001/ProjetTech20182019/index.php(84)
/net/www/tdesbarat001/ProjetTech20182019/index.php(130) | Actualisation du time() pour éviter la session expiré.
/net/www/tdesbarat001/ProjetTech20182019/index.php(150)
/net/www/tdesbarat001/ProjetTech20182019/index.php(134)On transforme le POST en GET.
/net/www/tdesbarat001/ProjetTech20182019/index.php(23) | On rentre dans le GET.
/net/www/tdesbarat001/ProjetTech20182019/index.php(25) | SESSION[POST] existe.
/net/www/tdesbarat001/ProjetTech20182019/index.php(42)
/net/www/tdesbarat001/ProjetTech20182019/index.php(150)
/net/www/tdesbarat001/ProjetTech20182019/index.php(134)On transforme le POST en GET.
/net/www/tdesbarat001/ProjetTech20182019/index.php(23) | On rentre dans le GET.
/net/www/tdesbarat001/ProjetTech20182019/index.php(25) | SESSION[POST] existe.
/net/www/tdesbarat001/ProjetTech20182019/index.php(69)
/net/www/tdesbarat001/ProjetTech20182019/index.php(150)
/net/www/tdesbarat001/ProjetTech20182019/index.php(23) | On rentre dans le GET.
/net/www/tdesbarat001/ProjetTech20182019/index.php(111) | Already Logged.
/net/www/tdesbarat001/ProjetTech20182019/index.php(130) | Actualisation du time() pour éviter la session expiré.
/net/www/tdesbarat001/ProjetTech20182019/index.php(150)
/net/www/tdesbarat001/ProjetTech20182019/index.php(134)On transforme le POST en GET.
/net/www/tdesbarat001/ProjetTech20182019/index.php(23) | On rentre dans le GET.
/net/www/tdesbarat001/ProjetTech20182019/index.php(25) | SESSION[POST] existe.
/net/www/tdesbarat001/ProjetTech20182019/index.php(99)
/net/www/tdesbarat001/ProjetTech20182019/index.php(130) | Actualisation du time() pour éviter la session expiré.
/net/www/tdesbarat001/ProjetTech20182019/index.php(150)
/net/www/tdesbarat001/ProjetTech20182019/index.php(23) | On rentre dans le GET.
/net/www/tdesbarat001/ProjetTech20182019/index.php(111) | Already Logged.
/net/www/tdesbarat001/ProjetTech20182019/index.php(133) | Actualisation du time() pour éviter la session expiré.
/net/www/tdesbarat001/ProjetTech20182019/index.php(153)
/net/www/tdesbarat001/ProjetTech20182019/index.php(23) | On rentre dans le GET.
/net/www/tdesbarat001/ProjetTech20182019/index.php(111) | Already Logged.
/net/www/tdesbarat001/ProjetTech20182019/index.php(133) | Actualisation du time() pour éviter la session expiré.
/net/www/tdesbarat001/ProjetTech20182019/index.php(153)
/net/www/tdesbarat001/ProjetTech20182019/index.php(23) | On rentre dans le GET.
/net/www/tdesbarat001/ProjetTech20182019/index.php(111) | Already Logged.
/net/www/tdesbarat001/ProjetTech20182019/index.php(133) | Actualisation du time() pour éviter la session expiré.
/net/www/tdesbarat001/ProjetTech20182019/index.php(153)
/net/www/tdesbarat001/ProjetTech20182019/index.php(23) | On rentre dans le GET.
/net/www/tdesbarat001/ProjetTech20182019/index.php(111) | Already Logged.
/net/www/tdesbarat001/ProjetTech20182019/index.php(133) | Actualisation du time() pour éviter la session expiré.
/net/www/tdesbarat001/ProjetTech20182019/index.php(153)
/net/www/tdesbarat001/ProjetTech20182019/index.php(23) | On rentre dans le GET.
/net/www/tdesbarat001/ProjetTech20182019/index.php(111) | Already Logged.
/net/www/tdesbarat001/ProjetTech20182019/index.php(133) | Actualisation du time() pour éviter la session expiré.
/net/www/tdesbarat001/ProjetTech20182019/index.php(153)
/net/www/tdesbarat001/ProjetTech20182019/index.php(23) | On rentre dans le GET.
/net/www/tdesbarat001/ProjetTech20182019/index.php(111) | Already Logged.
/net/www/tdesbarat001/ProjetTech20182019/index.php(133) | Actualisation du time() pour éviter la session expiré.
/net/www/tdesbarat001/ProjetTech20182019/index.php(153)
/net/www/tdesbarat001/ProjetTech20182019/index.php(137)On transforme le POST en GET.
/net/www/tdesbarat001/ProjetTech20182019/index.php(23) | On rentre dans le GET.
/net/www/tdesbarat001/ProjetTech20182019/index.php(25) | SESSION[POST] existe.
/net/www/tdesbarat001/ProjetTech20182019/index.php(42)
/net/www/tdesbarat001/ProjetTech20182019/index.php(153)
/net/www/tdesbarat001/ProjetTech20182019/index.php(137)On transforme le POST en GET.
/net/www/tdesbarat001/ProjetTech20182019/index.php(23) | On rentre dans le GET.
/net/www/tdesbarat001/ProjetTech20182019/index.php(25) | SESSION[POST] existe.
/net/www/tdesbarat001/ProjetTech20182019/index.php(69)
/net/www/tdesbarat001/ProjetTech20182019/index.php(153)
/net/www/tdesbarat001/ProjetTech20182019/index.php(23) | On rentre dans le GET.
/net/www/tdesbarat001/ProjetTech20182019/index.php(111) | Already Logged.
/net/www/tdesbarat001/ProjetTech20182019/index.php(133) | Actualisation du time() pour éviter la session expiré.
/net/www/tdesbarat001/ProjetTech20182019/index.php(153)
/net/www/tdesbarat001/ProjetTech20182019/index.php(23) | On rentre dans le GET.
/net/www/tdesbarat001/ProjetTech20182019/index.php(111) | Already Logged.
/net/www/tdesbarat001/ProjetTech20182019/index.php(133) | Actualisation du time() pour éviter la session expiré.
/net/www/tdesbarat001/ProjetTech20182019/index.php(153)
/net/www/tdesbarat001/ProjetTech20182019/index.php(23) | On rentre dans le GET.
/net/www/tdesbarat001/ProjetTech20182019/index.php(111) | Already Logged.
/net/www/tdesbarat001/ProjetTech20182019/index.php(133) | Actualisation du time() pour éviter la session expiré.
/net/www/tdesbarat001/ProjetTech20182019/index.php(153)
/net/www/tdesbarat001/ProjetTech20182019/index.php(137)On transforme le POST en GET.
/net/www/tdesbarat001/ProjetTech20182019/index.php(23) | On rentre dans le GET.
/net/www/tdesbarat001/ProjetTech20182019/index.php(25) | SESSION[POST] existe.
/net/www/tdesbarat001/ProjetTech20182019/index.php(89)
/net/www/tdesbarat001/ProjetTech20182019/index.php(133) | Actualisation du time() pour éviter la session expiré.
/net/www/tdesbarat001/ProjetTech20182019/index.php(153)
/net/www/tdesbarat001/ProjetTech20182019/index.php(137)On transforme le POST en GET.
/net/www/tdesbarat001/ProjetTech20182019/index.php(23) | On rentre dans le GET.
/net/www/tdesbarat001/ProjetTech20182019/index.php(25) | SESSION[POST] existe.
/net/www/tdesbarat001/ProjetTech20182019/index.php(99)
/net/www/tdesbarat001/ProjetTech20182019/index.php(133) | Actualisation du time() pour éviter la session expiré.
/net/www/tdesbarat001/ProjetTech20182019/index.php(153)
/net/www/tdesbarat001/ProjetTech20182019/index.php(23) | On rentre dans le GET.
/net/www/tdesbarat001/ProjetTech20182019/index.php(111) | Already Logged.
/net/www/tdesbarat001/ProjetTech20182019/index.php(133) | Actualisation du time() pour éviter la session expiré.
/net/www/tdesbarat001/ProjetTech20182019/index.php(153)
/net/www/tdesbarat001/ProjetTech20182019/index.php(23) | On rentre dans le GET.
/net/www/tdesbarat001/ProjetTech20182019/index.php(111) | Already Logged.
/net/www/tdesbarat001/ProjetTech20182019/index.php(133) | Actualisation du time() pour éviter la session expiré.
/net/www/tdesbarat001/ProjetTech20182019/index.php(153)
/net/www/tdesbarat001/ProjetTech20182019/index.php(23) | On rentre dans le GET.
/net/www/tdesbarat001/ProjetTech20182019/index.php(111) | Already Logged.
/net/www/tdesbarat001/ProjetTech20182019/index.php(133) | Actualisation du time() pour éviter la session expiré.
/net/www/tdesbarat001/ProjetTech20182019/index.php(153)
/net/www/tdesbarat001/ProjetTech20182019/index.php(23) | On rentre dans le GET.
/net/www/tdesbarat001/ProjetTech20182019/index.php(111) | Already Logged.
/net/www/tdesbarat001/ProjetTech20182019/index.php(133) | Actualisation du time() pour éviter la session expiré.
/net/www/tdesbarat001/ProjetTech20182019/index.php(153)
/net/www/tdesbarat001/ProjetTech20182019/index.php(23) | On rentre dans le GET.
/net/www/tdesbarat001/ProjetTech20182019/index.php(111) | Already Logged.
/net/www/tdesbarat001/ProjetTech20182019/index.php(133) | Actualisation du time() pour éviter la session expiré.
/net/www/tdesbarat001/ProjetTech20182019/index.php(153)
/net/www/tdesbarat001/ProjetTech20182019/index.php(137)On transforme le POST en GET.
/net/www/tdesbarat001/ProjetTech20182019/index.php(23) | On rentre dans le GET.
/net/www/tdesbarat001/ProjetTech20182019/index.php(25) | SESSION[POST] existe.
/net/www/tdesbarat001/ProjetTech20182019/index.php(42)
/net/www/tdesbarat001/ProjetTech20182019/index.php(153)
/net/www/tdesbarat001/ProjetTech20182019/index.php(137)On transforme le POST en GET.
/net/www/tdesbarat001/ProjetTech20182019/index.php(23) | On rentre dans le GET.
/net/www/tdesbarat001/ProjetTech20182019/index.php(25) | SESSION[POST] existe.
/net/www/tdesbarat001/ProjetTech20182019/index.php(69)
/net/www/tdesbarat001/ProjetTech20182019/index.php(153)
/net/www/tdesbarat001/ProjetTech20182019/index.php(23) | On rentre dans le GET.
/net/www/tdesbarat001/ProjetTech20182019/index.php(111) | Already Logged.
/net/www/tdesbarat001/ProjetTech20182019/index.php(133) | Actualisation du time() pour éviter la session expiré.
/net/www/tdesbarat001/ProjetTech20182019/index.php(153)
/net/www/tdesbarat001/ProjetTech20182019/index.php(23) | On rentre dans le GET.
/net/www/tdesbarat001/ProjetTech20182019/index.php(111) | Already Logged.
/net/www/tdesbarat001/ProjetTech20182019/index.php(133) | Actualisation du time() pour éviter la session expiré.
/net/www/tdesbarat001/ProjetTech20182019/index.php(153)
/net/www/tdesbarat001/ProjetTech20182019/index.php(23) | On rentre dans le GET.
/net/www/tdesbarat001/ProjetTech20182019/index.php(111) | Already Logged.
/net/www/tdesbarat001/ProjetTech20182019/index.php(133) | Actualisation du time() pour éviter la session expiré.
/net/www/tdesbarat001/ProjetTech20182019/index.php(153)
/net/www/tdesbarat001/ProjetTech20182019/index.php(137)On transforme le POST en GET.
/net/www/tdesbarat001/ProjetTech20182019/index.php(23) | On rentre dans le GET.
/net/www/tdesbarat001/ProjetTech20182019/index.php(25) | SESSION[POST] existe.
/net/www/tdesbarat001/ProjetTech20182019/index.php(89)
/net/www/tdesbarat001/ProjetTech20182019/index.php(133) | Actualisation du time() pour éviter la session expiré.
/net/www/tdesbarat001/ProjetTech20182019/index.php(153)
/net/www/tdesbarat001/ProjetTech20182019/index.php(23) | On rentre dans le GET.
/net/www/tdesbarat001/ProjetTech20182019/index.php(111) | Already Logged.
/net/www/tdesbarat001/ProjetTech20182019/index.php(133) | Actualisation du time() pour éviter la session expiré.
/net/www/tdesbarat001/ProjetTech20182019/index.php(153)
/net/www/tdesbarat001/ProjetTech20182019/index.php(137)On transforme le POST en GET.
/net/www/tdesbarat001/ProjetTech20182019/index.php(23) | On rentre dans le GET.
/net/www/tdesbarat001/ProjetTech20182019/index.php(25) | SESSION[POST] existe.
/net/www/tdesbarat001/ProjetTech20182019/index.php(99)
/net/www/tdesbarat001/ProjetTech20182019/index.php(133) | Actualisation du time() pour éviter la session expiré.
/net/www/tdesbarat001/ProjetTech20182019/index.php(153)
/net/www/tdesbarat001/ProjetTech20182019/index.php(23) | On rentre dans le GET.
/net/www/tdesbarat001/ProjetTech20182019/index.php(111) | Already Logged.
/net/www/tdesbarat001/ProjetTech20182019/index.php(133) | Actualisation du time() pour éviter la session expiré.
/net/www/tdesbarat001/ProjetTech20182019/index.php(153)
/net/www/tdesbarat001/ProjetTech20182019/index.php(23) | On rentre dans le GET.
/net/www/tdesbarat001/ProjetTech20182019/index.php(111) | Already Logged.
/net/www/tdesbarat001/ProjetTech20182019/index.php(133) | Actualisation du time() pour éviter la session expiré.
/net/www/tdesbarat001/ProjetTech20182019/index.php(153)
/net/www/tdesbarat001/ProjetTech20182019/index.php(23) | On rentre dans le GET.
/net/www/tdesbarat001/ProjetTech20182019/index.php(111) | Already Logged.
/net/www/tdesbarat001/ProjetTech20182019/index.php(133) | Actualisation du time() pour éviter la session expiré.
/net/www/tdesbarat001/ProjetTech20182019/index.php(153)
/net/www/tdesbarat001/ProjetTech20182019/index.php(23) | On rentre dans le GET.
/net/www/tdesbarat001/ProjetTech20182019/index.php(111) | Already Logged.
/net/www/tdesbarat001/ProjetTech20182019/index.php(133) | Actualisation du time() pour éviter la session expiré.
/net/www/tdesbarat001/ProjetTech20182019/index.php(153)
/net/www/tdesbarat001/ProjetTech20182019/index.php(137)On transforme le POST en GET.
/net/www/tdesbarat001/ProjetTech20182019/index.php(23) | On rentre dans le GET.
/net/www/tdesbarat001/ProjetTech20182019/index.php(25) | SESSION[POST] existe.
/net/www/tdesbarat001/ProjetTech20182019/index.php(42)
/net/www/tdesbarat001/ProjetTech20182019/index.php(153)
/net/www/tdesbarat001/ProjetTech20182019/index.php(137)On transforme le POST en GET.
/net/www/tdesbarat001/ProjetTech20182019/index.php(23) | On rentre dans le GET.
/net/www/tdesbarat001/ProjetTech20182019/index.php(25) | SESSION[POST] existe.
/net/www/tdesbarat001/ProjetTech20182019/index.php(69)
/net/www/tdesbarat001/ProjetTech20182019/index.php(153)
/net/www/tdesbarat001/ProjetTech20182019/index.php(23) | On rentre dans le GET.
/net/www/tdesbarat001/ProjetTech20182019/index.php(111) | Already Logged.
/net/www/tdesbarat001/ProjetTech20182019/index.php(133) | Actualisation du time() pour éviter la session expiré.
/net/www/tdesbarat001/ProjetTech20182019/index.php(153)
/net/www/tdesbarat001/ProjetTech20182019/index.php(23) | On rentre dans le GET.
/net/www/tdesbarat001/ProjetTech20182019/index.php(111) | Already Logged.
/net/www/tdesbarat001/ProjetTech20182019/index.php(130) | Actualisation du time() pour éviter la session expiré.
/net/www/tdesbarat001/ProjetTech20182019/index.php(150)
/net/www/tdesbarat001/ProjetTech20182019/index.php(23) | On rentre dans le GET.
/net/www/tdesbarat001/ProjetTech20182019/index.php(111) | Already Logged.
/net/www/tdesbarat001/ProjetTech20182019/index.php(130) | Actualisation du time() pour éviter la session expiré.
/net/www/tdesbarat001/ProjetTech20182019/index.php(150)
/net/www/tdesbarat001/ProjetTech20182019/index.php(134)On transforme le POST en GET.
/net/www/tdesbarat001/ProjetTech20182019/index.php(23) | On rentre dans le GET.
/net/www/tdesbarat001/ProjetTech20182019/index.php(25) | SESSION[POST] existe.
/net/www/tdesbarat001/ProjetTech20182019/index.php(42)
/net/www/tdesbarat001/ProjetTech20182019/index.php(150)
/net/www/tdesbarat001/ProjetTech20182019/index.php(134)On transforme le POST en GET.
/net/www/tdesbarat001/ProjetTech20182019/index.php(23) | On rentre dans le GET.
/net/www/tdesbarat001/ProjetTech20182019/index.php(25) | SESSION[POST] existe.
/net/www/tdesbarat001/ProjetTech20182019/index.php(69)
/net/www/tdesbarat001/ProjetTech20182019/index.php(150)
/net/www/tdesbarat001/ProjetTech20182019/index.php(23) | On rentre dans le GET.
/net/www/tdesbarat001/ProjetTech20182019/index.php(111) | Already Logged.
/net/www/tdesbarat001/ProjetTech20182019/index.php(130) | Actualisation du time() pour éviter la session expiré.
/net/www/tdesbarat001/ProjetTech20182019/index.php(150)
/net/www/tdesbarat001/ProjetTech20182019/index.php(23) | On rentre dans le GET.
/net/www/tdesbarat001/ProjetTech20182019/index.php(111) | Already Logged.
/net/www/tdesbarat001/ProjetTech20182019/index.php(130) | Actualisation du time() pour éviter la session expiré.
/net/www/tdesbarat001/ProjetTech20182019/index.php(150)
/net/www/tdesbarat001/ProjetTech20182019/index.php(23) | On rentre dans le GET.
/net/www/tdesbarat001/ProjetTech20182019/index.php(111) | Already Logged.
/net/www/tdesbarat001/ProjetTech20182019/index.php(130) | Actualisation du time() pour éviter la session expiré.
/net/www/tdesbarat001/ProjetTech20182019/index.php(150)
/net/www/tdesbarat001/ProjetTech20182019/index.php(134)On transforme le POST en GET.
/net/www/tdesbarat001/ProjetTech20182019/index.php(23) | On rentre dans le GET.
/net/www/tdesbarat001/ProjetTech20182019/index.php(25) | SESSION[POST] existe.
/net/www/tdesbarat001/ProjetTech20182019/index.php(42)
/net/www/tdesbarat001/ProjetTech20182019/index.php(150)
/net/www/tdesbarat001/ProjetTech20182019/index.php(134)On transforme le POST en GET.
/net/www/tdesbarat001/ProjetTech20182019/index.php(23) | On rentre dans le GET.
/net/www/tdesbarat001/ProjetTech20182019/index.php(25) | SESSION[POST] existe.
/net/www/tdesbarat001/ProjetTech20182019/index.php(64)
/net/www/tdesbarat001/ProjetTech20182019/index.php(150)
/net/www/tdesbarat001/ProjetTech20182019/index.php(134)On transforme le POST en GET.
/net/www/tdesbarat001/ProjetTech20182019/index.php(23) | On rentre dans le GET.
/net/www/tdesbarat001/ProjetTech20182019/index.php(25) | SESSION[POST] existe.
/net/www/tdesbarat001/ProjetTech20182019/index.php(89)
/net/www/tdesbarat001/ProjetTech20182019/index.php(130) | Actualisation du time() pour éviter la session expiré.
/net/www/tdesbarat001/ProjetTech20182019/index.php(150)
/net/www/tdesbarat001/ProjetTech20182019/index.php(134)On transforme le POST en GET.
/net/www/tdesbarat001/ProjetTech20182019/index.php(23) | On rentre dans le GET.
/net/www/tdesbarat001/ProjetTech20182019/index.php(25) | SESSION[POST] existe.
/net/www/tdesbarat001/ProjetTech20182019/index.php(99)
/net/www/tdesbarat001/ProjetTech20182019/index.php(130) | Actualisation du time() pour éviter la session expiré.
/net/www/tdesbarat001/ProjetTech20182019/index.php(150)
/net/www/tdesbarat001/ProjetTech20182019/index.php(23) | On rentre dans le GET.
/net/www/tdesbarat001/ProjetTech20182019/index.php(111) | Already Logged.
/net/www/tdesbarat001/ProjetTech20182019/index.php(130) | Actualisation du time() pour éviter la session expiré.
/net/www/tdesbarat001/ProjetTech20182019/index.php(150)
/net/www/tdesbarat001/ProjetTech20182019/index.php(23) | On rentre dans le GET.
/net/www/tdesbarat001/ProjetTech20182019/index.php(111) | Already Logged.
/net/www/tdesbarat001/ProjetTech20182019/index.php(130) | Actualisation du time() pour éviter la session expiré.
/net/www/tdesbarat001/ProjetTech20182019/index.php(150)
/net/www/tdesbarat001/ProjetTech20182019/index.php(23) | On rentre dans le GET.
/net/www/tdesbarat001/ProjetTech20182019/index.php(111) | Already Logged.
/net/www/tdesbarat001/ProjetTech20182019/index.php(130) | Actualisation du time() pour éviter la session expiré.
/net/www/tdesbarat001/ProjetTech20182019/index.php(150)
/net/www/tdesbarat001/ProjetTech20182019/index.php(23) | On rentre dans le GET.
/net/www/tdesbarat001/ProjetTech20182019/index.php(111) | Already Logged.
/net/www/tdesbarat001/ProjetTech20182019/index.php(130) | Actualisation du time() pour éviter la session expiré.
/net/www/tdesbarat001/ProjetTech20182019/index.php(150)
/net/www/tdesbarat001/ProjetTech20182019/index.php(23) | On rentre dans le GET.
/net/www/tdesbarat001/ProjetTech20182019/index.php(111) | Already Logged.
/net/www/tdesbarat001/ProjetTech20182019/index.php(130) | Actualisation du time() pour éviter la session expiré.
/net/www/tdesbarat001/ProjetTech20182019/index.php(150)
/net/www/tdesbarat001/ProjetTech20182019/index.php(23) | On rentre dans le GET.
/net/www/tdesbarat001/ProjetTech20182019/index.php(111) | Already Logged.
/net/www/tdesbarat001/ProjetTech20182019/index.php(130) | Actualisation du time() pour éviter la session expiré.
/net/www/tdesbarat001/ProjetTech20182019/index.php(150)
/net/www/tdesbarat001/ProjetTech20182019/index.php(23) | On rentre dans le GET.
/net/www/tdesbarat001/ProjetTech20182019/index.php(111) | Already Logged.
/net/www/tdesbarat001/ProjetTech20182019/index.php(130) | Actualisation du time() pour éviter la session expiré.
/net/www/tdesbarat001/ProjetTech20182019/index.php(150)
/net/www/tdesbarat001/ProjetTech20182019/index.php(23) | On rentre dans le GET.
/net/www/tdesbarat001/ProjetTech20182019/index.php(111) | Already Logged.
/net/www/tdesbarat001/ProjetTech20182019/index.php(130) | Actualisation du time() pour éviter la session expiré.
/net/www/tdesbarat001/ProjetTech20182019/index.php(150)
/net/www/tdesbarat001/ProjetTech20182019/index.php(23) | On rentre dans le GET.
/net/www/tdesbarat001/ProjetTech20182019/index.php(111) | Already Logged.
/net/www/tdesbarat001/ProjetTech20182019/index.php(130) | Actualisation du time() pour éviter la session expiré.
/net/www/tdesbarat001/ProjetTech20182019/index.php(150)
/net/www/tdesbarat001/ProjetTech20182019/index.php(134)On transforme le POST en GET.
/net/www/tdesbarat001/ProjetTech20182019/index.php(23) | On rentre dans le GET.
/net/www/tdesbarat001/ProjetTech20182019/index.php(25) | SESSION[POST] existe.
/net/www/tdesbarat001/ProjetTech20182019/index.php(42)
/net/www/tdesbarat001/ProjetTech20182019/index.php(150)
/net/www/tdesbarat001/ProjetTech20182019/index.php(134)On transforme le POST en GET.
/net/www/tdesbarat001/ProjetTech20182019/index.php(23) | On rentre dans le GET.
/net/www/tdesbarat001/ProjetTech20182019/index.php(25) | SESSION[POST] existe.
/net/www/tdesbarat001/ProjetTech20182019/index.php(64)
/net/www/tdesbarat001/ProjetTech20182019/index.php(150)
/net/www/tdesbarat001/ProjetTech20182019/index.php(23) | On rentre dans le GET.
/net/www/tdesbarat001/ProjetTech20182019/index.php(111) | Already Logged.
/net/www/tdesbarat001/ProjetTech20182019/index.php(130) | Actualisation du time() pour éviter la session expiré.
/net/www/tdesbarat001/ProjetTech20182019/index.php(150)
/net/www/tdesbarat001/ProjetTech20182019/index.php(23) | On rentre dans le GET.
/net/www/tdesbarat001/ProjetTech20182019/index.php(111) | Already Logged.
/net/www/tdesbarat001/ProjetTech20182019/index.php(130) | Actualisation du time() pour éviter la session expiré.
/net/www/tdesbarat001/ProjetTech20182019/index.php(150)
/net/www/tdesbarat001/ProjetTech20182019/index.php(23) | On rentre dans le GET.
/net/www/tdesbarat001/ProjetTech20182019/index.php(111) | Already Logged.
/net/www/tdesbarat001/ProjetTech20182019/index.php(130) | Actualisation du time() pour éviter la session expiré.
/net/www/tdesbarat001/ProjetTech20182019/index.php(150)
/net/www/tdesbarat001/ProjetTech20182019/index.php(134)On transforme le POST en GET.
/net/www/tdesbarat001/ProjetTech20182019/index.php(23) | On rentre dans le GET.
/net/www/tdesbarat001/ProjetTech20182019/index.php(25) | SESSION[POST] existe.
/net/www/tdesbarat001/ProjetTech20182019/index.php(42)
/net/www/tdesbarat001/ProjetTech20182019/index.php(150)
/net/www/tdesbarat001/ProjetTech20182019/index.php(134)On transforme le POST en GET.
/net/www/tdesbarat001/ProjetTech20182019/index.php(23) | On rentre dans le GET.
/net/www/tdesbarat001/ProjetTech20182019/index.php(25) | SESSION[POST] existe.
/net/www/tdesbarat001/ProjetTech20182019/index.php(64)
/net/www/tdesbarat001/ProjetTech20182019/index.php(150)
/net/www/tdesbarat001/ProjetTech20182019/index.php(134)On transforme le POST en GET.
/net/www/tdesbarat001/ProjetTech20182019/index.php(23) | On rentre dans le GET.
/net/www/tdesbarat001/ProjetTech20182019/index.php(25) | SESSION[POST] existe.
/net/www/tdesbarat001/ProjetTech20182019/index.php(89)
/net/www/tdesbarat001/ProjetTech20182019/index.php(130) | Actualisation du time() pour éviter la session expiré.
/net/www/tdesbarat001/ProjetTech20182019/index.php(150)
/net/www/tdesbarat001/ProjetTech20182019/index.php(134)On transforme le POST en GET.
/net/www/tdesbarat001/ProjetTech20182019/index.php(23) | On rentre dans le GET.
/net/www/tdesbarat001/ProjetTech20182019/index.php(25) | SESSION[POST] existe.
/net/www/tdesbarat001/ProjetTech20182019/index.php(99)
/net/www/tdesbarat001/ProjetTech20182019/index.php(130) | Actualisation du time() pour éviter la session expiré.
/net/www/tdesbarat001/ProjetTech20182019/index.php(150)
/net/www/tdesbarat001/ProjetTech20182019/index.php(23) | On rentre dans le GET.
/net/www/tdesbarat001/ProjetTech20182019/index.php(111) | Already Logged.
/net/www/tdesbarat001/ProjetTech20182019/index.php(130) | Actualisation du time() pour éviter la session expiré.
/net/www/tdesbarat001/ProjetTech20182019/index.php(150)
/net/www/tdesbarat001/ProjetTech20182019/index.php(23) | On rentre dans le GET.
/net/www/tdesbarat001/ProjetTech20182019/index.php(111) | Already Logged.
/net/www/tdesbarat001/ProjetTech20182019/index.php(130) | Actualisation du time() pour éviter la session expiré.
/net/www/tdesbarat001/ProjetTech20182019/index.php(150)
/net/www/tdesbarat001/ProjetTech20182019/index.php(23) | On rentre dans le GET.
/net/www/tdesbarat001/ProjetTech20182019/index.php(111) | Already Logged.
/net/www/tdesbarat001/ProjetTech20182019/index.php(130) | Actualisation du time() pour éviter la session expiré.
/net/www/tdesbarat001/ProjetTech20182019/index.php(150)
/net/www/tdesbarat001/ProjetTech20182019/index.php(23) | On rentre dans le GET.
/net/www/tdesbarat001/ProjetTech20182019/index.php(111) | Already Logged.
/net/www/tdesbarat001/ProjetTech20182019/index.php(130) | Actualisation du time() pour éviter la session expiré.
/net/www/tdesbarat001/ProjetTech20182019/index.php(150)
/net/www/tdesbarat001/ProjetTech20182019/index.php(23) | On rentre dans le GET.
/net/www/tdesbarat001/ProjetTech20182019/index.php(111) | Already Logged.
/net/www/tdesbarat001/ProjetTech20182019/index.php(130) | Actualisation du time() pour éviter la session expiré.
/net/www/tdesbarat001/ProjetTech20182019/index.php(150)
/net/www/tdesbarat001/ProjetTech20182019/index.php(23) | On rentre dans le GET.
/net/www/tdesbarat001/ProjetTech20182019/index.php(111) | Already Logged.
/net/www/tdesbarat001/ProjetTech20182019/index.php(130) | Actualisation du time() pour éviter la session expiré.
/net/www/tdesbarat001/ProjetTech20182019/index.php(150)
/net/www/tdesbarat001/ProjetTech20182019/index.php(23) | On rentre dans le GET.
/net/www/tdesbarat001/ProjetTech20182019/index.php(111) | Already Logged.
/net/www/tdesbarat001/ProjetTech20182019/index.php(130) | Actualisation du time() pour éviter la session expiré.
/net/www/tdesbarat001/ProjetTech20182019/index.php(150)
/net/www/tdesbarat001/ProjetTech20182019/index.php(134)On transforme le POST en GET.
/net/www/tdesbarat001/ProjetTech20182019/index.php(23) | On rentre dans le GET.
/net/www/tdesbarat001/ProjetTech20182019/index.php(25) | SESSION[POST] existe.
/net/www/tdesbarat001/ProjetTech20182019/index.php(42)
/net/www/tdesbarat001/ProjetTech20182019/index.php(150)
/net/www/tdesbarat001/ProjetTech20182019/index.php(134)On transforme le POST en GET.
/net/www/tdesbarat001/ProjetTech20182019/index.php(23) | On rentre dans le GET.
/net/www/tdesbarat001/ProjetTech20182019/index.php(25) | SESSION[POST] existe.
/net/www/tdesbarat001/ProjetTech20182019/index.php(69)
/net/www/tdesbarat001/ProjetTech20182019/index.php(150)
/net/www/tdesbarat001/ProjetTech20182019/index.php(23) | On rentre dans le GET.
/net/www/tdesbarat001/ProjetTech20182019/index.php(111) | Already Logged.
/net/www/tdesbarat001/ProjetTech20182019/index.php(130) | Actualisation du time() pour éviter la session expiré.
/net/www/tdesbarat001/ProjetTech20182019/index.php(150)
/net/www/tdesbarat001/ProjetTech20182019/index.php(23) | On rentre dans le GET.
/net/www/tdesbarat001/ProjetTech20182019/index.php(111) | Already Logged.
/net/www/tdesbarat001/ProjetTech20182019/index.php(130) | Actualisation du time() pour éviter la session expiré.
/net/www/tdesbarat001/ProjetTech20182019/index.php(150)
/net/www/tdesbarat001/ProjetTech20182019/index.php(23) | On rentre dans le GET.
/net/www/tdesbarat001/ProjetTech20182019/index.php(111) | Already Logged.
/net/www/tdesbarat001/ProjetTech20182019/index.php(130) | Actualisation du time() pour éviter la session expiré.
/net/www/tdesbarat001/ProjetTech20182019/index.php(150)
/net/www/tdesbarat001/ProjetTech20182019/index.php(23) | On rentre dans le GET.
/net/www/tdesbarat001/ProjetTech20182019/index.php(111) | Already Logged.
/net/www/tdesbarat001/ProjetTech20182019/index.php(130) | Actualisation du time() pour éviter la session expiré.
/net/www/tdesbarat001/ProjetTech20182019/index.php(150)
/net/www/tdesbarat001/ProjetTech20182019/index.php(23) | On rentre dans le GET.
/net/www/tdesbarat001/ProjetTech20182019/index.php(111) | Already Logged.
/net/www/tdesbarat001/ProjetTech20182019/index.php(130) | Actualisation du time() pour éviter la session expiré.
/net/www/tdesbarat001/ProjetTech20182019/index.php(150)
/net/www/tdesbarat001/ProjetTech20182019/index.php(134)On transforme le POST en GET.
/net/www/tdesbarat001/ProjetTech20182019/index.php(23) | On rentre dans le GET.
/net/www/tdesbarat001/ProjetTech20182019/index.php(25) | SESSION[POST] existe.
/net/www/tdesbarat001/ProjetTech20182019/index.php(42)
/net/www/tdesbarat001/ProjetTech20182019/index.php(150)
/net/www/tdesbarat001/ProjetTech20182019/index.php(134)On transforme le POST en GET.
/net/www/tdesbarat001/ProjetTech20182019/index.php(23) | On rentre dans le GET.
/net/www/tdesbarat001/ProjetTech20182019/index.php(25) | SESSION[POST] existe.
/net/www/tdesbarat001/ProjetTech20182019/index.php(64)
/net/www/tdesbarat001/ProjetTech20182019/index.php(150)
/net/www/tdesbarat001/ProjetTech20182019/index.php(134)On transforme le POST en GET.
/net/www/tdesbarat001/ProjetTech20182019/index.php(23) | On rentre dans le GET.
/net/www/tdesbarat001/ProjetTech20182019/index.php(25) | SESSION[POST] existe.
/net/www/tdesbarat001/ProjetTech20182019/index.php(64)
/net/www/tdesbarat001/ProjetTech20182019/index.php(150)
/net/www/tdesbarat001/ProjetTech20182019/index.php(134)On transforme le POST en GET.
/net/www/tdesbarat001/ProjetTech20182019/index.php(23) | On rentre dans le GET.
/net/www/tdesbarat001/ProjetTech20182019/index.php(25) | SESSION[POST] existe.
/net/www/tdesbarat001/ProjetTech20182019/index.php(59)
/net/www/tdesbarat001/ProjetTech20182019/index.php(130) | Actualisation du time() pour éviter la session expiré.
/net/www/tdesbarat001/ProjetTech20182019/index.php(150)
/net/www/tdesbarat001/ProjetTech20182019/index.php(134)On transforme le POST en GET.
/net/www/tdesbarat001/ProjetTech20182019/index.php(23) | On rentre dans le GET.
/net/www/tdesbarat001/ProjetTech20182019/index.php(25) | SESSION[POST] existe.
/net/www/tdesbarat001/ProjetTech20182019/index.php(54)
/net/www/tdesbarat001/ProjetTech20182019/index.php(130) | Actualisation du time() pour éviter la session expiré.
/net/www/tdesbarat001/ProjetTech20182019/index.php(150)
/net/www/tdesbarat001/ProjetTech20182019/index.php(134)On transforme le POST en GET.
/net/www/tdesbarat001/ProjetTech20182019/index.php(23) | On rentre dans le GET.
/net/www/tdesbarat001/ProjetTech20182019/index.php(25) | SESSION[POST] existe.
/net/www/tdesbarat001/ProjetTech20182019/index.php(42)
/net/www/tdesbarat001/ProjetTech20182019/index.php(150)
/net/www/tdesbarat001/ProjetTech20182019/index.php(134)On transforme le POST en GET.
/net/www/tdesbarat001/ProjetTech20182019/index.php(23) | On rentre dans le GET.
/net/www/tdesbarat001/ProjetTech20182019/index.php(25) | SESSION[POST] existe.
/net/www/tdesbarat001/ProjetTech20182019/index.php(64)
/net/www/tdesbarat001/ProjetTech20182019/index.php(150)
/net/www/tdesbarat001/ProjetTech20182019/index.php(134)On transforme le POST en GET.
/net/www/tdesbarat001/ProjetTech20182019/index.php(23) | On rentre dans le GET.
/net/www/tdesbarat001/ProjetTech20182019/index.php(25) | SESSION[POST] existe.
/net/www/tdesbarat001/ProjetTech20182019/index.php(94)
/net/www/tdesbarat001/ProjetTech20182019/index.php(130) | Actualisation du time() pour éviter la session expiré.
/net/www/tdesbarat001/ProjetTech20182019/index.php(150)
/net/www/tdesbarat001/ProjetTech20182019/index.php(134)On transforme le POST en GET.
/net/www/tdesbarat001/ProjetTech20182019/index.php(23) | On rentre dans le GET.
/net/www/tdesbarat001/ProjetTech20182019/index.php(25) | SESSION[POST] existe.
/net/www/tdesbarat001/ProjetTech20182019/index.php(89)
/net/www/tdesbarat001/ProjetTech20182019/index.php(130) | Actualisation du time() pour éviter la session expiré.
/net/www/tdesbarat001/ProjetTech20182019/index.php(150)
/net/www/tdesbarat001/ProjetTech20182019/index.php(134)On transforme le POST en GET.
/net/www/tdesbarat001/ProjetTech20182019/index.php(23) | On rentre dans le GET.
/net/www/tdesbarat001/ProjetTech20182019/index.php(25) | SESSION[POST] existe.
/net/www/tdesbarat001/ProjetTech20182019/index.php(54)
/net/www/tdesbarat001/ProjetTech20182019/index.php(130) | Actualisation du time() pour éviter la session expiré.
/net/www/tdesbarat001/ProjetTech20182019/index.php(150)
/net/www/tdesbarat001/ProjetTech20182019/index.php(134)On transforme le POST en GET.
/net/www/tdesbarat001/ProjetTech20182019/index.php(23) | On rentre dans le GET.
/net/www/tdesbarat001/ProjetTech20182019/index.php(25) | SESSION[POST] existe.
/net/www/tdesbarat001/ProjetTech20182019/index.php(49)
/net/www/tdesbarat001/ProjetTech20182019/index.php(130) | Actualisation du time() pour éviter la session expiré.
/net/www/tdesbarat001/ProjetTech20182019/index.php(150)
/net/www/tdesbarat001/ProjetTech20182019/index.php(23) | On rentre dans le GET.
/net/www/tdesbarat001/ProjetTech20182019/index.php(111) | Already Logged.
/net/www/tdesbarat001/ProjetTech20182019/index.php(130) | Actualisation du time() pour éviter la session expiré.
/net/www/tdesbarat001/ProjetTech20182019/index.php(150)
/net/www/tdesbarat001/ProjetTech20182019/index.php(134)On transforme le POST en GET.
/net/www/tdesbarat001/ProjetTech20182019/index.php(23) | On rentre dans le GET.
/net/www/tdesbarat001/ProjetTech20182019/index.php(25) | SESSION[POST] existe.
/net/www/tdesbarat001/ProjetTech20182019/index.php(54)
/net/www/tdesbarat001/ProjetTech20182019/index.php(130) | Actualisation du time() pour éviter la session expiré.
/net/www/tdesbarat001/ProjetTech20182019/index.php(150)
/net/www/tdesbarat001/ProjetTech20182019/index.php(134)On transforme le POST en GET.
/net/www/tdesbarat001/ProjetTech20182019/index.php(23) | On rentre dans le GET.
/net/www/tdesbarat001/ProjetTech20182019/index.php(25) | SESSION[POST] existe.
/net/www/tdesbarat001/ProjetTech20182019/index.php(49)
/net/www/tdesbarat001/ProjetTech20182019/index.php(130) | Actualisation du time() pour éviter la session expiré.
/net/www/tdesbarat001/ProjetTech20182019/index.php(150)
/net/www/tdesbarat001/ProjetTech20182019/index.php(134)On transforme le POST en GET.
/net/www/tdesbarat001/ProjetTech20182019/index.php(23) | On rentre dans le GET.
/net/www/tdesbarat001/ProjetTech20182019/index.php(25) | SESSION[POST] existe.
/net/www/tdesbarat001/ProjetTech20182019/index.php(54)
/net/www/tdesbarat001/ProjetTech20182019/index.php(130) | Actualisation du time() pour éviter la session expiré.
/net/www/tdesbarat001/ProjetTech20182019/index.php(150)
/net/www/tdesbarat001/ProjetTech20182019/index.php(134)On transforme le POST en GET.
/net/www/tdesbarat001/ProjetTech20182019/index.php(23) | On rentre dans le GET.
/net/www/tdesbarat001/ProjetTech20182019/index.php(25) | SESSION[POST] existe.
/net/www/tdesbarat001/ProjetTech20182019/index.php(49)
/net/www/tdesbarat001/ProjetTech20182019/index.php(130) | Actualisation du time() pour éviter la session expiré.
/net/www/tdesbarat001/ProjetTech20182019/index.php(150)
